# using postmaster on localhost, port 28818
ok 1         - setup                                     147 ms
ok 2         - admin_api_v076                             18 ms
ok 3         - admin_functions                            25 ms
ok 4         - aggregates                                 27 ms
ok 5         - ask_views                                  17 ms
ok 6         - basic_crud                                 18 ms
ok 7         - bsbm                                       70 ms
ok 8         - bulk_load_strict                           21 ms
ok 9         - cache_stats                                14 ms
ok 10        - canary                                     16 ms
ok 11        - cdc_subscriptions                          19 ms
ok 12        - change_notification                        13 ms
ok 13        - citus_aggregate_pushdown                   20 ms
ok 14        - citus_graph_affinity                       13 ms
ok 15        - citus_object_pruning                       10 ms
ok 16        - citus_service_pruning                      13 ms
ok 17        - citus_sharding                             13 ms
ok 18        - citus_url_parsing                          11 ms
ok 19        - concurrent_write_merge                     39 ms
ok 20        - construct_rules                            72 ms
ok 21        - construct_views                            18 ms
ok 22        - copy_rdf_path_allowlist                    11 ms
ok 23        - crash_recovery_merge                       34 ms
ok 24        - cwb_savepoint_rollback                     30 ms
ok 25        - cwb_write_path_equivalence                 45 ms
ok 26        - datalog_agg                               126 ms
ok 27        - datalog_antijoin                           41 ms
ok 28        - datalog_arithmetic                         13 ms
ok 29        - datalog_bounded_depth                      53 ms
ok 30        - datalog_builtin_functions                  32 ms
ok 31        - datalog_constraints                        14 ms
ok 32        - datalog_cost_reorder                       61 ms
ok 33        - datalog_custom                             88 ms
ok 34        - datalog_cwb_interaction                   104 ms
ok 35        - datalog_delta_index                        63 ms
ok 36        - datalog_demand                             53 ms
ok 37        - datalog_dred                               31 ms
ok 38        - datalog_dred_cycle                        102 ms
ok 39        - datalog_explain                            23 ms
ok 40        - datalog_filter_pushdown                    46 ms
ok 41        - datalog_incremental_rules                  34 ms
ok 42        - datalog_lattice                            84 ms
ok 43        - datalog_magic_sets                        112 ms
ok 44        - datalog_malformed                          17 ms
ok 45        - datalog_maxiter                            27 ms
ok 46        - datalog_named_graph_scope                  68 ms
ok 47        - datalog_negation                           12 ms
ok 48        - datalog_owl_rl                             31 ms
ok 49        - datalog_owl_rl_deletion                    98 ms
ok 50        - datalog_parallel                          241 ms
ok 51        - datalog_parallel_rollback                  38 ms
ok 52        - datalog_plan_cache                         28 ms
ok 53        - datalog_rdfs                               18 ms
ok 54        - datalog_rule_chain                         31 ms
ok 55        - datalog_sameas                             33 ms
ok 56        - datalog_seminaive                         158 ms
ok 57        - datalog_sequence_batch                     20 ms
ok 58        - datalog_sparql_cache                       29 ms
ok 59        - datalog_subsumption                       114 ms
ok 60        - datalog_tabling                            40 ms
ok 61        - datalog_views                              25 ms
ok 62        - datalog_wfs                                51 ms
ok 63        - datalog_wfs_cap                            39 ms
ok 64        - deduplication                             150 ms
ok 65        - describe_views                             18 ms
not ok 66    - diagnostic_report                          18 ms
ok 67        - dictionary                                 13 ms
ok 68        - dictionary_nfc_normalization               12 ms
ok 69        - dictionary_properties                      19 ms
ok 70        - dictionary_rollback                        22 ms
ok 71        - error_paths                               171 ms
ok 72        - explain_sparql                             77 ms
ok 73        - export_jsonld_node                         36 ms
ok 74        - export_ntriples                           186 ms
ok 75        - export_roundtrip                          266 ms
ok 76        - extvp                                      26 ms
ok 77        - feature_status                             14 ms
ok 78        - federation_cache                          470 ms
ok 79        - federation_planner                        212 ms
ok 80        - federation_ssrf_policy                     13 ms
ok 81        - fts_search                                 24 ms
ok 82        - fuzz_integration                           11 ms
ok 83        - geosparql                                  21 ms
ok 84        - graph_delete                               61 ms
ok 85        - graph_rls                                  32 ms
ok 86        - graphrag_crud                              36 ms
ok 87        - graphrag_enrichment                        33 ms
ok 88        - graphrag_export                            41 ms
ok 89        - graphrag_ontology                          45 ms
ok 90        - graphrag_shacl                             26 ms
ok 91        - hll_accuracy                               52 ms
ok 92        - htap_benchmarks                           334 ms
ok 93        - htap_concurrent_merge                      47 ms
ok 94        - htap_merge                                 56 ms
ok 95        - inline_encoding                            26 ms
ok 96        - json_roundtrip_fixes                       63 ms
ok 97        - jsonld_context_object_form                 44 ms
ok 98        - jsonld_framing                            902 ms
ok 99        - jsonld_framing_views                       18 ms
ok 100       - kge_embeddings                             12 ms
ok 101       - load_into_graph                            84 ms
ok 102       - merge_edge_cases                           89 ms
ok 103       - multi_tenant                               13 ms
ok 104       - named_graph_copy                           53 ms
ok 105       - named_graphs                               47 ms
ok 106       - nl_to_sparql                               16 ms
ok 107       - nquads_trig                                60 ms
ok 108       - owl_el_classification                      21 ms
ok 109       - owl_ql_rewrite                             19 ms
ok 110       - owl_rl_sameas                              80 ms
not ok 111   - pagerank                                  133 ms
ok 112       - plan_cache_rls                             74 ms
ok 113       - probabilistic                              44 ms
ok 114       - property_path_depth                        32 ms
ok 115       - property_paths                             29 ms
ok 116       - prov_triples                               27 ms
ok 117       - rare_predicate_promotion                  166 ms
ok 118       - rdf_star_construct                         42 ms
ok 119       - rdf_star_datalog                           16 ms
ok 120       - rdf_star_load                              38 ms
ok 121       - rdf_star_nested                            37 ms
ok 122       - rdfstar_variable_quoted                    22 ms
ok 123       - recover_promotions                         38 ms
ok 124       - resource_limits                            23 ms
ok 125       - rls_promotion                              32 ms
ok 126       - sameas_large_cluster                       42 ms
ok 127       - schema_state                               22 ms
ok 128       - security_erase_subject                     57 ms
ok 129       - security_rls_role_injection                27 ms
ok 130       - serialization                             247 ms
ok 131       - shacl_advanced                             54 ms
ok 132       - shacl_af_rule                              13 ms
ok 133       - shacl_af_rule_execution                    28 ms
ok 134       - shacl_af_rules                             14 ms
ok 135       - shacl_closed                               34 ms
ok 136       - shacl_complex_path                         49 ms
ok 137       - shacl_core_completion                     116 ms
ok 138       - shacl_dag_monitors                         80 ms
ok 139       - shacl_equals_disjoint                      74 ms
ok 140       - shacl_lt_or_equals                         32 ms
ok 141       - shacl_malformed                            16 ms
ok 142       - shacl_maxcount                             21 ms
ok 143       - shacl_new_constraints                      25 ms
ok 144       - shacl_pattern                              32 ms
ok 145       - shacl_query_hints                          42 ms
ok 146       - shacl_query_opt                           202 ms
ok 147       - shacl_sparql_constraint                    20 ms
ok 148       - shacl_sparql_hints                         19 ms
ok 149       - shacl_unique_lang                          33 ms
ok 150       - shacl_validation                           33 ms
ok 151       - sparql_ask_queries                         22 ms
ok 152       - sparql_bind_clause                         26 ms
ok 153       - sparql_construct                           43 ms
ok 154       - sparql_construct_blank                     35 ms
ok 155       - sparql_csv_tsv                             26 ms
ok 156       - sparql_cursor                              25 ms
ok 157       - sparql_delete_data                         21 ms
ok 158       - sparql_depth_limit                         19 ms
ok 159       - sparql_dl                                  21 ms
ok 160       - sparql_explain_analyze                     20 ms
ok 161       - sparql_explain_jsonb                       20 ms
ok 162       - sparql_federation                         565 ms
ok 163       - sparql_federation_perf                    375 ms
ok 164       - sparql_federation_timeout                  14 ms
ok 165       - sparql_graph_management                    62 ms
ok 166       - sparql_having_filter                       22 ms
ok 167       - sparql_injection                           46 ms
ok 168       - sparql_insert_data                         23 ms
ok 169       - sparql_insert_delete                       23 ms
ok 170       - sparql_lang_filter                         43 ms
ok 171       - sparql_not_exists                          22 ms
ok 172       - sparql_numeric_functions                   24 ms
ok 173       - sparql_optional_exists                     26 ms
ok 174       - sparql_optional_in_graph                   35 ms
ok 175       - sparql_optional_in_graph_rare              32 ms
ok 176       - sparql_optional_multi                      25 ms
ok 177       - sparql_order_limit                         21 ms
ok 178       - sparql_path_alternation                    24 ms
ok 179       - sparql_path_in_graph                       37 ms
ok 180       - sparql_protocol                            56 ms
ok 181       - sparql_queries                             24 ms
ok 182       - sparql_repair                              13 ms
ok 183       - sparql_star_annotation                     83 ms
ok 184       - sparql_star_conformance                    72 ms
ok 185       - sparql_star_update                         51 ms
ok 186       - sparql_string_functions                    25 ms
ok 187       - sparql_subquery                            23 ms
ok 188       - sparql_tabling                             22 ms
ok 189       - sparql_topn                                19 ms
ok 190       - sparql_union_branches                      23 ms
ok 191       - sparql_update_add_copy_move               218 ms
ok 192       - sparql_update_advanced                    330 ms
ok 193       - sparql_update_where                        37 ms
ok 194       - sparql_values_clause                       22 ms
ok 195       - sparql_views                               24 ms
ok 196       - sparql_wcoj                                27 ms
ok 197       - sql_api_completeness                       47 ms
ok 198       - storage_tombstone_gc                       12 ms
ok 199       - supplementary_features                     43 ms
ok 200       - telemetry                                  14 ms
ok 201       - temporal_rdf                               19 ms
ok 202       - temporal_rdf_post_merge                    52 ms
ok 203       - trickle_graceful_degradation               65 ms
ok 204       - trickle_integration                       102 ms
ok 205       - triple_crud                                51 ms
ok 206       - upgrade_path                              189 ms
ok 207       - v062_features                              26 ms
ok 208       - v066_features                              32 ms
ok 209       - v067_features                              52 ms
ok 210       - v068_features                              55 ms
ok 211       - v069_features                              76 ms
ok 212       - v070_features                              19 ms
ok 213       - v071_features                              45 ms
ok 214       - v073_features                              46 ms
ok 215       - v075_features                              91 ms
ok 216       - v076_features                              22 ms
ok 217       - v077_features                              68 ms
ok 218       - v078_features                              33 ms
ok 219       - v079_features                              14 ms
ok 220       - v079_shacl_sparql_rule                     29 ms
ok 221       - v079_wcoj                                  38 ms
ok 222       - v083_features                             115 ms
ok 223       - v085_features                              46 ms
ok 224       - v086_features                              81 ms
ok 225       - vector_binary                              14 ms
ok 226       - vector_contextualize                      155 ms
ok 227       - vector_crud                                21 ms
ok 228       - vector_federation                          16 ms
ok 229       - vector_filter                              20 ms
ok 230       - vector_graceful                            12 ms
ok 231       - vector_halfvec                             13 ms
ok 232       - vector_hybrid                              19 ms
ok 233       - vector_rag                                 18 ms
ok 234       - vector_rag_jsonld                          20 ms
ok 235       - vector_refresh                             17 ms
ok 236       - vector_setup                               15 ms
ok 237       - vector_sparql                              19 ms
ok 238       - vector_worker                              22 ms
ok 239       - w3c_shacl_conformance                     166 ms
ok 240       - w3c_sparql_query_conformance               74 ms
ok 241       - w3c_sparql_update_conformance             460 ms
1..241
# 2 of 241 tests failed.
# The differences that caused some tests to fail can be viewed in the file "/home/runner/work/pg-ripple/pg-ripple/tests/pg_regress/regression.diffs".
# A copy of the test summary that you see above is saved in the file "/home/runner/work/pg-ripple/pg-ripple/tests/pg_regress/regression.out".
