-- pg_regress test: SPARQL ASK Views (v0.18.0)
--
-- Tests: catalog table existence/schema; list_ask_views empty;
-- pg_trickle-absent error; wrong query form rejected.
-- ── Catalog table exists ──────────────────────────────────────────────────────
SELECT EXISTS (
    SELECT 1 FROM information_schema.tables
    WHERE table_schema = '_pg_ripple'
    AND table_name = 'ask_views'
) AS ask_views_catalog_exists;
 ask_views_catalog_exists 
--------------------------
 t
(1 row)

SELECT column_name
FROM information_schema.columns
WHERE table_schema = '_pg_ripple'
  AND table_name = 'ask_views'
  AND column_name IN ('name','sparql','generated_sql','schedule','stream_table','created_at')
ORDER BY column_name;
  column_name  
---------------
 created_at
 generated_sql
 name
 schedule
 sparql
 stream_table
(6 rows)

-- ── list_ask_views: empty initially ───────────────────────────────────────────
SELECT pg_ripple.list_ask_views() = '[]'::jsonb AS ask_views_initially_empty;
WARNING:  pg_ripple: loaded without shared_preload_libraries; HTAP merge worker, CONSTRUCT writeback, and dictionary cache are disabled. Add pg_ripple to shared_preload_libraries in postgresql.conf.
 ask_views_initially_empty 
---------------------------
 t
(1 row)

-- ── pg_trickle absent: create_ask_view raises descriptive error ───────────────
SELECT pg_ripple.create_ask_view(
    'test_av',
    'ASK { ?s ?p ?o }'
) IS NULL AS create_ask_view_without_pgtrickle_errors;
ERROR:  pg_trickle is not installed — ASK views require pg_trickle; hint: Install pg_trickle: https://github.com/grove/pg-trickle — then run: CREATE EXTENSION pg_trickle
-- ── pg_trickle absent: drop_ask_view raises descriptive error ─────────────────
SELECT pg_ripple.drop_ask_view('test_av') IS NULL AS drop_ask_view_without_pgtrickle_errors;
ERROR:  pg_trickle is not installed — ASK views require pg_trickle; hint: Install pg_trickle: https://github.com/grove/pg-trickle — then run: CREATE EXTENSION pg_trickle
-- ── Wrong query form: CONSTRUCT query rejected ────────────────────────────────
SELECT pg_ripple.create_ask_view(
    'bad_av',
    'CONSTRUCT { ?s ?p ?o } WHERE { ?s ?p ?o }'
) IS NULL AS construct_query_rejected_by_ask_view;
ERROR:  sparql must be an ASK query
