-- pg_regress test: basic triple CRUD
-- Insert a triple and verify the count
SELECT pg_ripple.insert_triple(
    '<https://example.org/alice>',
    '<https://example.org/knows>',
    '<https://example.org/bob>'
) > 0 AS insert_returns_sid;
WARNING:  pg_ripple: loaded without shared_preload_libraries; HTAP merge worker, CONSTRUCT writeback, and dictionary cache are disabled. Add pg_ripple to shared_preload_libraries in postgresql.conf.
 insert_returns_sid 
--------------------
 t
(1 row)

SELECT pg_ripple.triple_count() >= 1 AS count_positive;
 count_positive 
----------------
 t
(1 row)

-- Find by subject
SELECT count(*) >= 1 AS found_by_subject
FROM pg_ripple.find_triples('<https://example.org/alice>', NULL, NULL);
 found_by_subject 
------------------
 t
(1 row)

-- Find by predicate
SELECT count(*) >= 1 AS found_by_predicate
FROM pg_ripple.find_triples(NULL, '<https://example.org/knows>', NULL);
 found_by_predicate 
--------------------
 t
(1 row)

-- Find by object
SELECT count(*) >= 1 AS found_by_object
FROM pg_ripple.find_triples(NULL, NULL, '<https://example.org/bob>');
 found_by_object 
-----------------
 t
(1 row)

-- Full pattern match
SELECT count(*) = 1 AS found_exact
FROM pg_ripple.find_triples(
    '<https://example.org/alice>',
    '<https://example.org/knows>',
    '<https://example.org/bob>'
);
 found_exact 
-------------
 t
(1 row)

-- Delete the triple
SELECT pg_ripple.delete_triple(
    '<https://example.org/alice>',
    '<https://example.org/knows>',
    '<https://example.org/bob>'
) = 1 AS deleted_one;
 deleted_one 
-------------
 t
(1 row)

-- Verify it's gone
SELECT count(*) = 0 AS gone_after_delete
FROM pg_ripple.find_triples(
    '<https://example.org/alice>',
    '<https://example.org/knows>',
    '<https://example.org/bob>'
);
 gone_after_delete 
-------------------
 t
(1 row)

