-- pg_regress test: canary() health check function (v0.25.0)
-- Verifies that pg_ripple.canary() returns a well-formed JSONB object with
-- expected keys and sensible values.
SET client_min_messages = warning;
CREATE EXTENSION IF NOT EXISTS pg_ripple;
SET client_min_messages = DEFAULT;
SET search_path TO pg_ripple, public;
-- canary() must return a JSONB object.
SELECT jsonb_typeof(pg_ripple.canary()) AS canary_type;
WARNING:  pg_ripple: loaded without shared_preload_libraries; HTAP merge worker, CONSTRUCT writeback, and dictionary cache are disabled. Add pg_ripple to shared_preload_libraries in postgresql.conf.
 canary_type 
-------------
 object
(1 row)

-- The result must contain all four expected keys.
SELECT (pg_ripple.canary() ? 'merge_worker')    AS has_merge_worker,
       (pg_ripple.canary() ? 'cache_hit_rate')  AS has_cache_hit_rate,
       (pg_ripple.canary() ? 'catalog_consistent') AS has_catalog_consistent,
       (pg_ripple.canary() ? 'orphaned_rare_rows')  AS has_orphaned_rare_rows;
 has_merge_worker | has_cache_hit_rate | has_catalog_consistent | has_orphaned_rare_rows 
------------------+--------------------+------------------------+------------------------
 t                | t                  | t                      | t
(1 row)

-- catalog_consistent must be true on a healthy database.
SELECT (pg_ripple.canary()->>'catalog_consistent')::boolean AS catalog_consistent;
 catalog_consistent 
--------------------
 t
(1 row)

-- orphaned_rare_rows must be 0 on a healthy database.
SELECT (pg_ripple.canary()->>'orphaned_rare_rows')::bigint AS orphaned_rare_rows;
 orphaned_rare_rows 
--------------------
                  0
(1 row)

-- cache_hit_rate must be between 0.0 and 1.0.
SELECT (pg_ripple.canary()->>'cache_hit_rate')::float8 BETWEEN 0.0 AND 1.0 AS hit_rate_in_range;
 hit_rate_in_range 
-------------------
 t
(1 row)

