-- pg_regress test: Citus graph shard affinity (v0.61.0 CITUS-21)
-- Tests set_graph_shard_affinity() and clear_graph_shard_affinity().
SET search_path TO pg_ripple, public;
-- Ensure the graph_shard_affinity table exists (created by migration / _PG_INIT).
SELECT EXISTS (
    SELECT 1 FROM pg_catalog.pg_class c
    JOIN pg_catalog.pg_namespace n ON n.oid = c.relnamespace
    WHERE n.nspname = '_pg_ripple' AND c.relname = 'graph_shard_affinity'
) AS affinity_table_exists;
 affinity_table_exists 
-----------------------
 t
(1 row)

-- set_graph_shard_affinity should run without error.
SELECT pg_ripple.set_graph_shard_affinity(
    'https://example.org/graph1',
    1
) AS affinity_set;
WARNING:  pg_ripple: loaded without shared_preload_libraries; HTAP merge worker, CONSTRUCT writeback, and dictionary cache are disabled. Add pg_ripple to shared_preload_libraries in postgresql.conf.
 affinity_set 
--------------
 t
(1 row)

-- Verify the row was inserted.
SELECT count(*) = 1 AS affinity_recorded
FROM _pg_ripple.graph_shard_affinity
WHERE shard_id = 1;
 affinity_recorded 
-------------------
 t
(1 row)

-- clear_graph_shard_affinity should remove the row.
SELECT pg_ripple.clear_graph_shard_affinity(
    'https://example.org/graph1'
) AS affinity_cleared;
 affinity_cleared 
------------------
 t
(1 row)

-- Verify the row is gone.
SELECT count(*) = 0 AS affinity_removed
FROM _pg_ripple.graph_shard_affinity
WHERE shard_id = 1;
 affinity_removed 
------------------
 t
(1 row)

