-- pg_regress test: Parallel-strata rollback — inference consistency (v0.45.0)
--
-- Verifies that:
-- 1. A valid multi-rule inference run produces consistent results.
-- 2. Re-running inference on an already-materialised rule set does not
--    duplicate facts (ON CONFLICT DO NOTHING semantics).
-- 3. The SAVEPOINT rollback utility (execute_with_savepoint via parallel.rs)
--    is available as an internal utility; the inference engine uses TEMP
--    tables for delta accumulation, so a transaction abort rolls back all
--    partially-derived facts automatically via PostgreSQL's TEMP table semantics.
-- 4. drop_rules() removes the rule set cleanly, leaving no orphan facts.
-- Suppress internal IF-NOT-EXISTS NOTICEs from load_rules / infer.
SET client_min_messages = WARNING;
CREATE EXTENSION IF NOT EXISTS pg_ripple;
SELECT pg_ripple.triple_count() >= 0 AS library_loaded;
WARNING:  pg_ripple: loaded without shared_preload_libraries; HTAP merge worker, CONSTRUCT writeback, and dictionary cache are disabled. Add pg_ripple to shared_preload_libraries in postgresql.conf.
 library_loaded 
----------------
 t
(1 row)

SET search_path TO pg_ripple, public;
-- ── Setup ─────────────────────────────────────────────────────────────────────
SELECT pg_ripple.insert_triple(
    '<https://ex.org/par/a>', '<https://ex.org/par/edge>', '<https://ex.org/par/b>'
) > 0 AS edge_ab;
 edge_ab 
---------
 t
(1 row)

SELECT pg_ripple.insert_triple(
    '<https://ex.org/par/b>', '<https://ex.org/par/edge>', '<https://ex.org/par/c>'
) > 0 AS edge_bc;
 edge_bc 
---------
 t
(1 row)

SELECT pg_ripple.insert_triple(
    '<https://ex.org/par/c>', '<https://ex.org/par/edge>', '<https://ex.org/par/d>'
) > 0 AS edge_cd;
 edge_cd 
---------
 t
(1 row)

-- ── Part 1: Valid inference runs to completion ────────────────────────────────
SELECT pg_ripple.load_rules(
    '?x <https://ex.org/par/reach> ?y :- ?x <https://ex.org/par/edge> ?y . '
    '?x <https://ex.org/par/reach> ?z :- ?x <https://ex.org/par/reach> ?y, ?y <https://ex.org/par/edge> ?z .',
    'par_rollback_test'
) > 0 AS rules_loaded;
 rules_loaded 
--------------
 t
(1 row)

-- Run inference; expect derived count > 0.
SELECT (pg_ripple.infer_with_stats('par_rollback_test') ->> 'derived')::int > 0
    AS derived_facts_after_infer;
 derived_facts_after_infer 
---------------------------
 t
(1 row)

-- ── Part 2: Triple count consistency ─────────────────────────────────────────
-- After inference, the derived predicate should have facts (reachability triples).
-- Verify no negative count (basic sanity).
SELECT pg_ripple.triple_count() > 0 AS triple_count_positive;
 triple_count_positive 
-----------------------
 t
(1 row)

-- ── Part 3: Re-running inference does not duplicate facts ─────────────────────
-- Re-run inference; the ON CONFLICT DO NOTHING on vp_rare means derived facts
-- should not be duplicated.
SELECT (pg_ripple.infer_with_stats('par_rollback_test') ->> 'derived')::int >= 0
    AS re_infer_does_not_crash;
 re_infer_does_not_crash 
-------------------------
 t
(1 row)

-- ── Part 4: Parallel group analysis is consistent ────────────────────────────
-- Verify that infer_with_stats returns the parallel_groups key.
SELECT (pg_ripple.infer_with_stats('par_rollback_test') ? 'parallel_groups')
    AS stats_has_parallel_groups;
 stats_has_parallel_groups 
---------------------------
 t
(1 row)

-- ── Part 5: drop_rules removes the rule set cleanly ───────────────────────────
SELECT pg_ripple.drop_rules('par_rollback_test') >= 0 AS rules_dropped;
 rules_dropped 
---------------
 t
(1 row)

-- ── Cleanup ────────────────────────────────────────────────────────────────────
SELECT pg_ripple.delete_triple(
    '<https://ex.org/par/a>', '<https://ex.org/par/edge>', '<https://ex.org/par/b>'
) >= 0 AS del_ab;
 del_ab 
--------
 t
(1 row)

SELECT pg_ripple.delete_triple(
    '<https://ex.org/par/b>', '<https://ex.org/par/edge>', '<https://ex.org/par/c>'
) >= 0 AS del_bc;
 del_bc 
--------
 t
(1 row)

SELECT pg_ripple.delete_triple(
    '<https://ex.org/par/c>', '<https://ex.org/par/edge>', '<https://ex.org/par/d>'
) >= 0 AS del_cd;
 del_cd 
--------
 t
(1 row)

