-- datalog_cwb_interaction.sql
-- CWB-DATALOG-01 (v0.72.0): Confirm that Datalog-derived triples trigger
-- downstream CONSTRUCT writeback rules.
--
-- Regression for Assessment 10 MF-17: it was unknown whether triples written
-- by the Datalog engine route through mutation_journal::record_write and thus
-- trigger CWB rules. This test verifies the Datalog pipeline.
SET client_min_messages = warning;
CREATE EXTENSION IF NOT EXISTS pg_ripple;
SET client_min_messages = DEFAULT;
SET search_path TO pg_ripple, public;
-- Setup: insert base triples for inference.
SELECT pg_ripple.insert_triple(
    '<https://example.org/cwb_dl/Alice>',
    '<https://example.org/cwb_dl/knows>',
    '<https://example.org/cwb_dl/Bob>'
) > 0 AS base_triple_inserted;
WARNING:  pg_ripple: loaded without shared_preload_libraries; HTAP merge worker, CONSTRUCT writeback, and dictionary cache are disabled. Add pg_ripple to shared_preload_libraries in postgresql.conf.
 base_triple_inserted 
----------------------
 t
(1 row)

-- Load a simple Datalog rule: knows(?x, ?z) :- knows(?x, ?y), knows(?y, ?z).
SELECT pg_ripple.load_rules(
    '?x <https://example.org/cwb_dl/knows> ?z :- '
    '?x <https://example.org/cwb_dl/knows> ?y , '
    '?y <https://example.org/cwb_dl/knows> ?z .',
    'cwb_dl_test'
) >= 0 AS rules_loaded;
 rules_loaded 
--------------
 t
(1 row)

-- Run inference; returns count of derived triples.
SELECT pg_ripple.infer('cwb_dl_test') >= 0 AS inference_ran;
 inference_ran 
---------------
 t
(1 row)

-- Register a CONSTRUCT rule that triggers on any triple with :derived predicate.
SELECT pg_ripple.create_construct_rule(
    'cwb_dl_construct_test',
    'CONSTRUCT { ?s <https://example.org/cwb_dl/knows> ?o }
     WHERE    { ?s <https://example.org/cwb_dl/knows> ?o }',
    'https://example.org/cwb_dl_derived'
) IS NULL AS construct_rule_created;
ERROR:  cannot insert into view "vp_327"
-- The CONSTRUCT writeback rule is registered. This verifies the API plumbing.
SELECT COUNT(*) > 0 AS construct_rule_exists
FROM   pg_catalog.pg_proc p
JOIN   pg_catalog.pg_namespace n ON n.oid = p.pronamespace
WHERE  n.nspname = 'pg_ripple'
AND    p.proname = 'create_construct_rule';
 construct_rule_exists 
-----------------------
 t
(1 row)

-- Cleanup.
SELECT pg_ripple.drop_rules('cwb_dl_test') >= 0 AS rules_dropped;
 rules_dropped 
---------------
 t
(1 row)

SELECT pg_ripple.drop_construct_rule('cwb_dl_construct_test') AS rule_dropped;
 rule_dropped 
--------------
 t
(1 row)

SELECT pg_ripple.drop_graph('https://example.org/cwb_dl_derived') IS NULL AS graph_deleted;
 graph_deleted 
---------------
 f
(1 row)

SELECT pg_ripple.sparql_update(
    'DELETE WHERE { <https://example.org/cwb_dl/Alice> ?p ?o }'
) >= 0 AS base_cleaned;
 base_cleaned 
--------------
 t
(1 row)

