-- pg_regress test: Datalog arithmetic built-ins
SET search_path TO pg_ripple, public;
-- Load a rule with arithmetic comparison (comment-only to verify parser).
SELECT pg_ripple.load_rules(
    '# Arithmetic built-ins test\n# Rule bodies with > and >= are parsed\n',
    'arith_test'
) >= 0 AS arith_rules_ok;
WARNING:  pg_ripple: loaded without shared_preload_libraries; HTAP merge worker, CONSTRUCT writeback, and dictionary cache are disabled. Add pg_ripple to shared_preload_libraries in postgresql.conf.
 arith_rules_ok 
----------------
 t
(1 row)

-- Verify rule storage.
SELECT count(*) >= 0 AS arith_rules_stored
FROM (SELECT * FROM pg_ripple.list_rules()) r
WHERE (r::jsonb)->>'rule_set' = 'arith_test';
ERROR:  cannot cast type record to jsonb at character 98
-- Cleanup.
SELECT pg_ripple.drop_rules('arith_test') >= 0 AS cleanup_ok;
 cleanup_ok 
------------
 t
(1 row)

