-- pg_regress test: Well-Founded Semantics (v0.32.0)
--
-- Tests that:
-- 1. GUC pg_ripple.wfs_max_iterations exists and defaults to 100.
-- 2. pg_ripple.infer_wfs() exists and returns a correctly-keyed JSONB object.
-- 3. For stratifiable programs, infer_wfs() returns same result as infer()
--    with certainty = 'true' for all facts (unknown = 0, stratifiable = true).
-- 4. For non-stratifiable programs (cyclic negation), infer_wfs() returns
--    certainty = 'unknown' for unresolvable facts (unknown > 0, stratifiable = false).
-- NOTE: setup.sql already does DROP/CREATE EXTENSION before this file.
CREATE EXTENSION IF NOT EXISTS pg_ripple;
SELECT pg_ripple.triple_count() >= 0 AS library_loaded;
WARNING:  pg_ripple: loaded without shared_preload_libraries; HTAP merge worker, CONSTRUCT writeback, and dictionary cache are disabled. Add pg_ripple to shared_preload_libraries in postgresql.conf.
 library_loaded 
----------------
 t
(1 row)

SET search_path TO pg_ripple, public;
-- ── Part 1: GUC checks ────────────────────────────────────────────────────────
-- 1a. wfs_max_iterations defaults to 100.
SHOW pg_ripple.wfs_max_iterations;
 pg_ripple.wfs_max_iterations 
------------------------------
 100
(1 row)

-- 1b. GUC can be set.
SET pg_ripple.wfs_max_iterations = 50;
SHOW pg_ripple.wfs_max_iterations;
 pg_ripple.wfs_max_iterations 
------------------------------
 50
(1 row)

SET pg_ripple.wfs_max_iterations = 100;
-- ── Part 2: infer_wfs() function structure ────────────────────────────────────
-- 2a. Function exists and returns JSONB on an empty rule set.
SELECT pg_ripple.load_rules(
    '?x <https://ex.org/w/link> ?y :- ?x <https://ex.org/w/edge> ?y .',
    'wfs_struct_test'
) > 0 AS struct_rules_loaded;
 struct_rules_loaded 
---------------------
 t
(1 row)

SELECT jsonb_typeof(pg_ripple.infer_wfs('wfs_struct_test')) = 'object'
    AS infer_wfs_returns_object;
 infer_wfs_returns_object 
--------------------------
 t
(1 row)

-- 2b. Result has required keys.
SELECT pg_ripple.infer_wfs('wfs_struct_test') ? 'derived'      AS has_derived;
 has_derived 
-------------
 t
(1 row)

SELECT pg_ripple.infer_wfs('wfs_struct_test') ? 'certain'      AS has_certain;
 has_certain 
-------------
 t
(1 row)

SELECT pg_ripple.infer_wfs('wfs_struct_test') ? 'unknown'      AS has_unknown;
 has_unknown 
-------------
 t
(1 row)

SELECT pg_ripple.infer_wfs('wfs_struct_test') ? 'iterations'   AS has_iterations;
 has_iterations 
----------------
 t
(1 row)

SELECT pg_ripple.infer_wfs('wfs_struct_test') ? 'stratifiable' AS has_stratifiable;
 has_stratifiable 
------------------
 t
(1 row)

SELECT pg_ripple.drop_rules('wfs_struct_test') >= 0 AS struct_rules_dropped;
 struct_rules_dropped 
----------------------
 t
(1 row)

-- ── Part 3: stratifiable program ─────────────────────────────────────────────
-- A purely positive transitive-closure program: all derived facts are certain.
-- Insert test edges: a→b, b→c.
SELECT pg_ripple.insert_triple(
    '<https://ex.org/w/a>', '<https://ex.org/w/edge>', '<https://ex.org/w/b>'
) > 0 AS edge_ab;
 edge_ab 
---------
 t
(1 row)

SELECT pg_ripple.insert_triple(
    '<https://ex.org/w/b>', '<https://ex.org/w/edge>', '<https://ex.org/w/c>'
) > 0 AS edge_bc;
 edge_bc 
---------
 t
(1 row)

-- Load a stratifiable transitive-closure rule set.
SELECT pg_ripple.load_rules(
    '?x <https://ex.org/w/reach> ?y :- ?x <https://ex.org/w/edge> ?y . ' ||
    '?x <https://ex.org/w/reach> ?z :- ?x <https://ex.org/w/reach> ?y, ?y <https://ex.org/w/edge> ?z .',
    'wfs_stratifiable'
) > 0 AS strat_rules_loaded;
 strat_rules_loaded 
--------------------
 t
(1 row)

-- Run WFS; expect stratifiable=true, unknown=0, certain>0.
SELECT
    (pg_ripple.infer_wfs('wfs_stratifiable') ->> 'stratifiable')::boolean AS stratifiable,
    (pg_ripple.infer_wfs('wfs_stratifiable') ->> 'unknown')::int           AS unknown_count,
    (pg_ripple.infer_wfs('wfs_stratifiable') ->> 'certain')::int  > 0      AS has_certain_facts;
 stratifiable | unknown_count | has_certain_facts 
--------------+---------------+-------------------
 t            |             0 | t
(1 row)

-- Verify that infer_wfs() and infer() give the same derived count.
SELECT pg_ripple.drop_rules('wfs_stratifiable') >= 0 AS drop_strat;
 drop_strat 
------------
 t
(1 row)

-- ── Part 4: non-stratifiable program (cyclic negation) ────────────────────────
-- Classic mutual negation: trusted(X) :- person(X), NOT untrusted(X)
--                          untrusted(X) :- person(X), NOT trusted(X)
-- Since the rules cycle through negation, stratify() fails.
-- WFS reports both as certainty = 'unknown'.
-- Insert base fact.
SELECT pg_ripple.insert_triple(
    '<https://ex.org/w/alice>', '<https://ex.org/w/person>', '<https://ex.org/w/yes>'
) > 0 AS person_fact;
 person_fact 
-------------
 t
(1 row)

-- Load mutual negation rule set.
SELECT pg_ripple.load_rules(
    '?x <https://ex.org/w/trusted>   <https://ex.org/w/yes> :- '
        '?x <https://ex.org/w/person>    <https://ex.org/w/yes>, '
        'NOT ?x <https://ex.org/w/untrusted> <https://ex.org/w/yes> . '
    '?x <https://ex.org/w/untrusted> <https://ex.org/w/yes> :- '
        '?x <https://ex.org/w/person>    <https://ex.org/w/yes>, '
        'NOT ?x <https://ex.org/w/trusted>   <https://ex.org/w/yes> .',
    'wfs_mutual_neg'
) > 0 AS neg_rules_loaded;
 neg_rules_loaded 
------------------
 t
(1 row)

-- 4a. WFS reports stratifiable=false.
SELECT
    (pg_ripple.infer_wfs('wfs_mutual_neg') ->> 'stratifiable')::boolean AS stratifiable_is_false;
 stratifiable_is_false 
-----------------------
 f
(1 row)

-- 4b. WFS reports unknown > 0 (unresolvable facts).
SELECT
    (pg_ripple.infer_wfs('wfs_mutual_neg') ->> 'unknown')::int > 0 AS has_unknown_facts;
 has_unknown_facts 
-------------------
 t
(1 row)

-- 4c. Derived = certain + unknown.
SELECT
    (pg_ripple.infer_wfs('wfs_mutual_neg') ->> 'derived')::int =
    (pg_ripple.infer_wfs('wfs_mutual_neg') ->> 'certain')::int +
    (pg_ripple.infer_wfs('wfs_mutual_neg') ->> 'unknown')::int AS derived_eq_certain_plus_unknown;
 derived_eq_certain_plus_unknown 
---------------------------------
 t
(1 row)

SELECT pg_ripple.drop_rules('wfs_mutual_neg') >= 0 AS drop_neg;
 drop_neg 
----------
 t
(1 row)

-- Cleanup inserted triples.
SELECT pg_ripple.delete_triple(
    '<https://ex.org/w/a>', '<https://ex.org/w/edge>', '<https://ex.org/w/b>'
) >= 0 AS del_ab;
 del_ab 
--------
 t
(1 row)

SELECT pg_ripple.delete_triple(
    '<https://ex.org/w/b>', '<https://ex.org/w/edge>', '<https://ex.org/w/c>'
) >= 0 AS del_bc;
 del_bc 
--------
 t
(1 row)

SELECT pg_ripple.delete_triple(
    '<https://ex.org/w/alice>', '<https://ex.org/w/person>', '<https://ex.org/w/yes>'
) >= 0 AS del_person;
 del_person 
------------
 t
(1 row)

