-- pg_regress test: Datalog RDFS entailment
SET search_path TO pg_ripple, public;
-- Load RDFS built-in rule set.
SELECT pg_ripple.load_rules_builtin('rdfs') > 0 AS rdfs_rules_loaded;
WARNING:  pg_ripple: loaded without shared_preload_libraries; HTAP merge worker, CONSTRUCT writeback, and dictionary cache are disabled. Add pg_ripple to shared_preload_libraries in postgresql.conf.
 rdfs_rules_loaded 
-------------------
 t
(1 row)

-- Verify the rule set is present.
SELECT count(*) > 5 AS rdfs_has_multiple_rules
FROM (SELECT * FROM pg_ripple.list_rules()) r
WHERE (r::jsonb)->>'rule_set' = 'rdfs';
ERROR:  cannot cast type record to jsonb at character 102
-- Cleanup.
SELECT pg_ripple.drop_rules('rdfs') >= 0 AS cleanup_ok;
 cleanup_ok 
------------
 t
(1 row)

