-- pg_regress test: SPARQL on-demand query with Datalog plan cache (v0.30.0)
--
-- Verifies that:
-- 1. A SPARQL query referencing a derived predicate triggers inference and
--    returns results.
-- 2. After inference via infer_agg(), rule_plan_cache_stats() shows an entry
--    for the rule set used.
-- 3. A second call to infer_agg() on the same rule set shows cache hits > 0,
--    confirming the plan was served from cache.
CREATE EXTENSION IF NOT EXISTS pg_ripple;
SELECT pg_ripple.triple_count() >= 0 AS library_loaded;
WARNING:  pg_ripple: loaded without shared_preload_libraries; HTAP merge worker, CONSTRUCT writeback, and dictionary cache are disabled. Add pg_ripple to shared_preload_libraries in postgresql.conf.
 library_loaded 
----------------
 t
(1 row)

SET search_path TO pg_ripple, public;
CREATE TEMP TABLE _sc_test_baseline AS
    SELECT COALESCE(MAX(i), 0) AS max_i FROM _pg_ripple.vp_rare;
-- ── Setup: COUNT aggregate rule for social graph ─────────────────────────────
SELECT pg_ripple.load_rules(
    '?x <https://example.org/sc/degree> ?n :- COUNT(?y WHERE ?x <https://example.org/sc/knows> ?y) = ?n .',
    'sc_test'
) > 0 AS rule_loaded;
 rule_loaded 
-------------
 t
(1 row)

SELECT pg_ripple.insert_triple(
    '<https://example.org/sc/Alice>',
    '<https://example.org/sc/knows>',
    '<https://example.org/sc/Bob>'
) > 0 AS t1;
 t1 
----
 t
(1 row)

SELECT pg_ripple.insert_triple(
    '<https://example.org/sc/Alice>',
    '<https://example.org/sc/knows>',
    '<https://example.org/sc/Carol>'
) > 0 AS t2;
 t2 
----
 t
(1 row)

SELECT pg_ripple.insert_triple(
    '<https://example.org/sc/Bob>',
    '<https://example.org/sc/knows>',
    '<https://example.org/sc/Dave>'
) > 0 AS t3;
 t3 
----
 t
(1 row)

-- ── Part 1: First infer_agg run (cold cache = miss) ───────────────────────────
SELECT (pg_ripple.infer_agg('sc_test')->>'aggregate_derived')::bigint >= 0
    AS first_infer_agg_ok;
 first_infer_agg_ok 
--------------------
 t
(1 row)

-- ── Part 2: SPARQL query on derived predicate works ───────────────────────────
-- After infer_agg, derived degree triples should be queryable.
SELECT count(*) >= 1 AS derived_degree_exists
FROM pg_ripple.find_triples(
    '<https://example.org/sc/Alice>',
    '<https://example.org/sc/degree>',
    NULL
);
 derived_degree_exists 
-----------------------
 t
(1 row)

-- ── Part 3: Second infer_agg run (warm cache = hit) ───────────────────────────
SELECT (pg_ripple.infer_agg('sc_test')->>'aggregate_derived')::bigint >= 0
    AS second_infer_agg_ok;
 second_infer_agg_ok 
---------------------
 t
(1 row)

-- Cache stats must show hits >= 1 for sc_test.
SELECT hits >= 1 AS cache_hit_after_second_run
FROM pg_ripple.rule_plan_cache_stats()
WHERE rule_set = 'sc_test';
 cache_hit_after_second_run 
----------------------------
 t
(1 row)

-- misses should be >= 1 (first run was a miss).
SELECT misses >= 1 AS cache_miss_recorded
FROM pg_ripple.rule_plan_cache_stats()
WHERE rule_set = 'sc_test';
 cache_miss_recorded 
---------------------
 t
(1 row)

-- ── Part 4: Cache invalidation ───────────────────────────────────────────────
SELECT pg_ripple.drop_rules('sc_test') >= 0 AS rules_dropped;
 rules_dropped 
---------------
 t
(1 row)

SELECT count(*) = 0 AS cache_cleared
FROM pg_ripple.rule_plan_cache_stats()
WHERE rule_set = 'sc_test';
 cache_cleared 
---------------
 t
(1 row)

-- ── Cleanup ───────────────────────────────────────────────────────────────────
DELETE FROM _pg_ripple.vp_rare WHERE i > (SELECT max_i FROM _sc_test_baseline);
