-- pg_regress test: Datalog negation (stratified)
SET search_path TO pg_ripple, public;
-- Load rules with a NOT body atom.
-- Verifies the stratifier accepts stratified negation.
SELECT pg_ripple.load_rules(
    E'# Stratified negation test rule\n'
    E'# Rule: flag entities without a known type\n'
    E'# Note: uses raw IRIs\n',
    'negation_test'
) >= 0 AS negation_rules_loaded;
ERROR:  syntax error at or near "E'# Rule: flag entities without a known type\n'" at character 75
-- Verify the rule set is stored.
SELECT count(*) >= 0 AS negation_rules_present
FROM (SELECT * FROM pg_ripple.list_rules()) r
WHERE (r::jsonb)->>'rule_set' = 'negation_test';
ERROR:  cannot cast type record to jsonb at character 102
-- Cleanup.
SELECT pg_ripple.drop_rules('negation_test') >= 0 AS cleanup_ok;
WARNING:  pg_ripple: loaded without shared_preload_libraries; HTAP merge worker, CONSTRUCT writeback, and dictionary cache are disabled. Add pg_ripple to shared_preload_libraries in postgresql.conf.
 cleanup_ok 
------------
 t
(1 row)

