-- pg_regress test: SPARQL DESCRIBE Views (v0.18.0)
--
-- Tests: catalog table existence/schema; list_describe_views empty;
-- pg_trickle-absent error; wrong query form rejected.
-- ── Catalog table exists ──────────────────────────────────────────────────────
SELECT EXISTS (
    SELECT 1 FROM information_schema.tables
    WHERE table_schema = '_pg_ripple'
    AND table_name = 'describe_views'
) AS describe_views_catalog_exists;
 describe_views_catalog_exists 
-------------------------------
 t
(1 row)

SELECT column_name
FROM information_schema.columns
WHERE table_schema = '_pg_ripple'
  AND table_name = 'describe_views'
  AND column_name IN ('name','sparql','generated_sql','schedule','decode','strategy','stream_table','created_at')
ORDER BY column_name;
  column_name  
---------------
 created_at
 decode
 generated_sql
 name
 schedule
 sparql
 strategy
 stream_table
(8 rows)

-- ── list_describe_views: empty initially ──────────────────────────────────────
SELECT pg_ripple.list_describe_views() = '[]'::jsonb AS describe_views_initially_empty;
WARNING:  pg_ripple: loaded without shared_preload_libraries; HTAP merge worker, CONSTRUCT writeback, and dictionary cache are disabled. Add pg_ripple to shared_preload_libraries in postgresql.conf.
 describe_views_initially_empty 
--------------------------------
 t
(1 row)

-- ── pg_trickle absent: create_describe_view raises descriptive error ──────────
SELECT pg_ripple.create_describe_view(
    'test_dv',
    'DESCRIBE <https://example.org/resource>'
) IS NULL AS create_describe_view_without_pgtrickle_errors;
ERROR:  pg_trickle is not installed — DESCRIBE views require pg_trickle; hint: Install pg_trickle: https://github.com/grove/pg-trickle — then run: CREATE EXTENSION pg_trickle
-- ── pg_trickle absent: drop_describe_view raises descriptive error ────────────
SELECT pg_ripple.drop_describe_view('test_dv') IS NULL AS drop_describe_view_without_pgtrickle_errors;
ERROR:  pg_trickle is not installed — DESCRIBE views require pg_trickle; hint: Install pg_trickle: https://github.com/grove/pg-trickle — then run: CREATE EXTENSION pg_trickle
-- ── Wrong query form: SELECT query rejected ───────────────────────────────────
SELECT pg_ripple.create_describe_view(
    'bad_dv',
    'SELECT ?s ?p ?o WHERE { ?s ?p ?o }'
) IS NULL AS select_query_rejected_by_describe_view;
ERROR:  sparql must be a DESCRIBE query
