-- pg_regress test: federation SSRF policy GUC (v0.55.0)
-- Verifies that the federation_endpoint_policy and federation_allowed_endpoints
-- GUCs are registered, accessible, and default to expected values.
SET client_min_messages = warning;
CREATE EXTENSION IF NOT EXISTS pg_ripple;
SET client_min_messages = DEFAULT;
SET search_path TO pg_ripple, public;
-- Verify federation_endpoint_policy GUC is registered and defaults to 'default-deny'.
SELECT COALESCE(current_setting('pg_ripple.federation_endpoint_policy', true), 'default-deny') AS endpoint_policy;
 endpoint_policy 
-----------------
 default-deny
(1 row)

-- Verify federation_allowed_endpoints GUC is registered (empty by default).
SELECT current_setting('pg_ripple.federation_allowed_endpoints', true) IS NOT NULL AS has_allowed_endpoints;
 has_allowed_endpoints 
-----------------------
 f
(1 row)

-- Switch to open mode and back.
SET pg_ripple.federation_endpoint_policy = 'open';
SELECT current_setting('pg_ripple.federation_endpoint_policy') AS policy_open;
 policy_open 
-------------
 open
(1 row)

SET pg_ripple.federation_endpoint_policy = 'allowlist';
SELECT current_setting('pg_ripple.federation_endpoint_policy') AS policy_allowlist;
 policy_allowlist 
------------------
 allowlist
(1 row)

RESET pg_ripple.federation_endpoint_policy;
-- Configure an allowlist entry and verify it is stored.
SET pg_ripple.federation_allowed_endpoints = 'https://dbpedia.org/sparql';
SELECT current_setting('pg_ripple.federation_allowed_endpoints') AS allowed_ep;
         allowed_ep         
----------------------------
 https://dbpedia.org/sparql
(1 row)

RESET pg_ripple.federation_allowed_endpoints;
-- Verify that a SERVICE query to a cloud-metadata endpoint raises an error
-- when policy = 'default-deny'.
-- (Uses DO block to catch the error and return a controlled result.)
DO $$
BEGIN
  PERFORM pg_ripple.sparql(
    'SELECT * WHERE { SERVICE <http://169.254.169.254/> { ?s ?p ?o } }'
  );
  RAISE WARNING 'ERROR: SERVICE should have been blocked';
EXCEPTION WHEN OTHERS THEN
  IF SQLERRM LIKE '%PT606%' THEN
    RAISE WARNING 'OK: SERVICE blocked with PT606';
  ELSE
    RAISE WARNING 'UNEXPECTED ERROR: %', SQLERRM;
  END IF;
END
$$;
WARNING:  pg_ripple: loaded without shared_preload_libraries; HTAP merge worker, CONSTRUCT writeback, and dictionary cache are disabled. Add pg_ripple to shared_preload_libraries in postgresql.conf.
WARNING:  OK: SERVICE blocked with PT606
