-- graph_delete.sql — pg_regress test for graph-aware deletion (v0.15.0)
--
-- Tests: delete_triple_from_graph, clear_graph
-- ── Setup: load data into named graphs ───────────────────────────────────────
SELECT pg_ripple.load_ntriples_into_graph(
    '<https://example.org/s1> <https://example.org/p1> <https://example.org/o1> .
<https://example.org/s2> <https://example.org/p1> <https://example.org/o2> .
<https://example.org/s3> <https://example.org/p2> <https://example.org/o3> .
',
    'https://example.org/gdelete'
) AS loaded;
WARNING:  pg_ripple: loaded without shared_preload_libraries; HTAP merge worker, CONSTRUCT writeback, and dictionary cache are disabled. Add pg_ripple to shared_preload_libraries in postgresql.conf.
 loaded 
--------
      3
(1 row)

SELECT pg_ripple.triple_count_in_graph('https://example.org/gdelete') AS before_delete;
 before_delete 
---------------
             3
(1 row)

-- ── delete_triple_from_graph ─────────────────────────────────────────────────
SELECT pg_ripple.delete_triple_from_graph(
    '<https://example.org/s1>',
    '<https://example.org/p1>',
    '<https://example.org/o1>',
    'https://example.org/gdelete'
) AS deleted_count;
 deleted_count 
---------------
             1
(1 row)

SELECT pg_ripple.triple_count_in_graph('https://example.org/gdelete') AS after_delete_one;
 after_delete_one 
------------------
                2
(1 row)

-- Verify the deleted triple no longer appears
SELECT * FROM pg_ripple.find_triples_in_graph(
    '<https://example.org/s1>',
    '<https://example.org/p1>',
    '<https://example.org/o1>',
    'https://example.org/gdelete'
) AS deleted_check;
 s | p | o | g 
---+---+---+---
(0 rows)

-- ── clear_graph ──────────────────────────────────────────────────────────────
-- Load a second graph for clear_graph testing
SELECT pg_ripple.load_ntriples_into_graph(
    '<https://example.org/a> <https://example.org/b> <https://example.org/c> .
',
    'https://example.org/gclear'
) AS loaded_gclear;
 loaded_gclear 
---------------
             1
(1 row)

SELECT pg_ripple.triple_count_in_graph('https://example.org/gclear') AS gclear_before;
 gclear_before 
---------------
             1
(1 row)

SELECT pg_ripple.clear_graph('https://example.org/gclear') AS cleared_count;
 cleared_count 
---------------
             1
(1 row)

SELECT pg_ripple.triple_count_in_graph('https://example.org/gclear') AS gclear_after;
 gclear_after 
--------------
            0
(1 row)

-- Verify clear_graph didn't affect gdelete
SELECT pg_ripple.triple_count_in_graph('https://example.org/gdelete') AS gdelete_intact;
 gdelete_intact 
----------------
              2
(1 row)

-- Cleanup
SELECT pg_ripple.drop_graph('https://example.org/gdelete');
 drop_graph 
------------
          2
(1 row)

SELECT pg_ripple.drop_graph('https://example.org/gclear');
 drop_graph 
------------
          0
(1 row)

