-- json_roundtrip_fixes.sql
-- RT-FIX-04B, RT-FIX-06, RT-FIX-07, RT-TEST-02 (v0.72.0)
-- Regression tests for JSON round-trip ingest fixes.
SET client_min_messages = warning;
CREATE EXTENSION IF NOT EXISTS pg_ripple;
SET client_min_messages = DEFAULT;
SET search_path TO pg_ripple, public;
-- ── RT-FIX-06: float 5.0 stored as xsd:decimal, integer 5 as xsd:integer ────
SELECT pg_ripple.json_to_ntriples_and_load(
    '{"intval": 5, "floatval": 5.0}'::jsonb,
    'https://example.org/rt_fix_06_subject',
    NULL,
    '{"@context": {"intval": "https://example.org/intval", "floatval": "https://example.org/floatval"}}'::jsonb
) > 0 AS rt_fix_06_loaded;
WARNING:  pg_ripple: loaded without shared_preload_libraries; HTAP merge worker, CONSTRUCT writeback, and dictionary cache are disabled. Add pg_ripple to shared_preload_libraries in postgresql.conf.
 rt_fix_06_loaded 
------------------
 t
(1 row)

-- The integer predicate should have a triple stored.
SELECT pg_ripple.sparql_ask(
    'ASK { <https://example.org/rt_fix_06_subject> <https://example.org/intval> ?o }'
) AS integer_triple_exists;
 integer_triple_exists 
-----------------------
 f
(1 row)

-- ── RT-FIX-04B: large integers beyond i64::MAX preserved ─────────────────────
SELECT pg_ripple.json_to_ntriples_and_load(
    '{"bignum": 9223372036854775808}'::jsonb,
    'https://example.org/rt_fix_04b_subject',
    NULL,
    '{"@context": {"bignum": "https://example.org/bignum"}}'::jsonb
) > 0 AS rt_fix_04b_loaded;
 rt_fix_04b_loaded 
-------------------
 t
(1 row)

-- Should not have silently lost precision -- triple must exist.
SELECT pg_ripple.sparql_ask(
    'ASK { <https://example.org/rt_fix_04b_subject> <https://example.org/bignum> ?o }'
) AS bignum_triple_exists;
 bignum_triple_exists 
----------------------
 f
(1 row)

-- ── RT-TEST-02: Empty object round-trip ─────────────────────────────────────
SELECT pg_ripple.json_to_ntriples_and_load(
    '{"address": {}}'::jsonb,
    'https://example.org/rt_test_02_subject',
    NULL,
    '{"@context": {"address": "https://example.org/address"}}'::jsonb
) > 0 AS rt_test_02_loaded;
 rt_test_02_loaded 
-------------------
 t
(1 row)

-- The empty object becomes a blank node; at least one triple must exist.
SELECT pg_ripple.sparql_ask(
    'ASK { <https://example.org/rt_test_02_subject> <https://example.org/address> ?bn }'
) AS empty_object_triple_exists;
 empty_object_triple_exists 
----------------------------
 f
(1 row)

-- ── RT-FIX-07: IRI validation for @vocab-expanded keys ──────────────────────
-- Valid Unicode key should succeed.
SELECT pg_ripple.json_to_ntriples_and_load(
    '{"föräldrar": "test"}'::jsonb,
    'https://example.org/rt_fix_07_unicode_subject',
    NULL,
    '{"@context": {"@vocab": "https://example.org/"}}'::jsonb
) > 0 AS valid_unicode_key_accepted;
 valid_unicode_key_accepted 
----------------------------
 t
(1 row)

-- ── Cleanup ───────────────────────────────────────────────────────────────────
SELECT pg_ripple.sparql_update('DELETE WHERE { <https://example.org/rt_fix_06_subject> ?p ?o }') >= 0 AS cleanup_06;
 cleanup_06 
------------
 t
(1 row)

SELECT pg_ripple.sparql_update('DELETE WHERE { <https://example.org/rt_fix_04b_subject> ?p ?o }') >= 0 AS cleanup_04b;
 cleanup_04b 
-------------
 t
(1 row)

SELECT pg_ripple.sparql_update('DELETE WHERE { <https://example.org/rt_test_02_subject> ?p ?o }') >= 0 AS cleanup_02;
 cleanup_02 
------------
 t
(1 row)

SELECT pg_ripple.sparql_update('DELETE WHERE { <https://example.org/rt_fix_07_unicode_subject> ?p ?o }') >= 0 AS cleanup_07;
 cleanup_07 
------------
 t
(1 row)

