-- load_into_graph.sql — pg_regress test for graph-aware bulk loaders (v0.15.0)
--
-- Tests: load_ntriples_into_graph, load_turtle_into_graph, load_rdfxml_into_graph,
--        find_triples_in_graph, triple_count_in_graph
-- Ensure clean state
SELECT pg_ripple.drop_graph('https://example.org/graph1');
WARNING:  pg_ripple: loaded without shared_preload_libraries; HTAP merge worker, CONSTRUCT writeback, and dictionary cache are disabled. Add pg_ripple to shared_preload_libraries in postgresql.conf.
 drop_graph 
------------
          0
(1 row)

SELECT pg_ripple.drop_graph('https://example.org/graph2');
 drop_graph 
------------
          0
(1 row)

SELECT pg_ripple.drop_graph('https://example.org/graph3');
 drop_graph 
------------
          0
(1 row)

-- ── Load N-Triples into a named graph ────────────────────────────────────────
SELECT pg_ripple.load_ntriples_into_graph(
    '<https://example.org/alice> <https://example.org/knows> <https://example.org/bob> .
<https://example.org/alice> <https://example.org/name> "Alice" .
',
    'https://example.org/graph1'
) AS ntriples_loaded;
 ntriples_loaded 
-----------------
               2
(1 row)

-- Verify triples are in the named graph
SELECT pg_ripple.triple_count_in_graph('https://example.org/graph1') AS graph1_count;
 graph1_count 
--------------
            2
(1 row)

-- Verify triples appear via find_triples_in_graph
SELECT * FROM pg_ripple.find_triples_in_graph(NULL, NULL, NULL, 'https://example.org/graph1') ORDER BY s, p;
              s              |              p              |             o             |              g               
-----------------------------+-----------------------------+---------------------------+------------------------------
 <https://example.org/alice> | <https://example.org/knows> | <https://example.org/bob> | <https://example.org/graph1>
 <https://example.org/alice> | <https://example.org/name>  | "Alice"                   | <https://example.org/graph1>
(2 rows)

-- ── Load Turtle into a named graph ───────────────────────────────────────────
SELECT pg_ripple.load_turtle_into_graph(
    '@prefix ex: <https://example.org/> .
ex:carol ex:knows ex:dave .
ex:carol ex:age "30" .
',
    'https://example.org/graph2'
) AS turtle_loaded;
 turtle_loaded 
---------------
             2
(1 row)

SELECT pg_ripple.triple_count_in_graph('https://example.org/graph2') AS graph2_count;
 graph2_count 
--------------
            2
(1 row)

-- ── Load RDF/XML into a named graph ──────────────────────────────────────────
SELECT pg_ripple.load_rdfxml_into_graph(
    '<?xml version="1.0"?>
<rdf:RDF xmlns:rdf="http://www.w3.org/1999/02/22-rdf-syntax-ns#"
         xmlns:ex="https://example.org/">
  <rdf:Description rdf:about="https://example.org/eve">
    <ex:knows rdf:resource="https://example.org/frank"/>
  </rdf:Description>
</rdf:RDF>',
    'https://example.org/graph3'
) AS rdfxml_loaded;
 rdfxml_loaded 
---------------
             1
(1 row)

SELECT pg_ripple.triple_count_in_graph('https://example.org/graph3') AS graph3_count;
 graph3_count 
--------------
            1
(1 row)

-- ── Verify SPARQL can see the named graph data ──────────────────────────────
SELECT result FROM pg_ripple.sparql('
    SELECT ?s ?o WHERE {
        GRAPH <https://example.org/graph1> {
            ?s <https://example.org/knows> ?o
        }
    }
');
                                 result                                 
------------------------------------------------------------------------
 {"o": "<https://example.org/bob>", "s": "<https://example.org/alice>"}
(1 row)

-- ── Verify graphs are isolated ───────────────────────────────────────────────
-- graph2 should not contain graph1's triples
SELECT result FROM pg_ripple.sparql('
    SELECT (COUNT(*) AS ?c) WHERE {
        GRAPH <https://example.org/graph2> {
            <https://example.org/alice> ?p ?o
        }
    }
');
  result  
----------
 {"c": 0}
(1 row)

-- Cleanup
SELECT pg_ripple.drop_graph('https://example.org/graph1');
 drop_graph 
------------
          2
(1 row)

SELECT pg_ripple.drop_graph('https://example.org/graph2');
 drop_graph 
------------
          2
(1 row)

SELECT pg_ripple.drop_graph('https://example.org/graph3');
 drop_graph 
------------
          1
(1 row)

