-- pg_regress test: N-Quads round-trip and TriG named-graph import
-- Load N-Quads with named graphs
SELECT pg_ripple.load_nquads(
    '<https://example.org/a> <https://example.org/b> <https://example.org/c> <https://example.org/g1> .' || chr(10) ||
    '<https://example.org/d> <https://example.org/e> <https://example.org/f> <https://example.org/g2> .' || chr(10) ||
    '<https://example.org/x> <https://example.org/y> <https://example.org/z> .' || chr(10)
) = 3 AS nquads_loaded;
WARNING:  pg_ripple: loaded without shared_preload_libraries; HTAP merge worker, CONSTRUCT writeback, and dictionary cache are disabled. Add pg_ripple to shared_preload_libraries in postgresql.conf.
 nquads_loaded 
---------------
 t
(1 row)

-- List graphs shows at least two named graphs (may include graphs from earlier tests)
SELECT count(*) >= 2 AS two_or_more_named_graphs
FROM pg_ripple.list_graphs();
 two_or_more_named_graphs 
--------------------------
 t
(1 row)

-- Export all as N-Quads should include graph column for named-graph triples
SELECT pg_ripple.export_nquads(NULL) LIKE '%<https://example.org/g1>%' AS nquads_export_has_g1;
 nquads_export_has_g1 
----------------------
 t
(1 row)

SELECT pg_ripple.export_nquads(NULL) LIKE '%<https://example.org/g2>%' AS nquads_export_has_g2;
 nquads_export_has_g2 
----------------------
 t
(1 row)

-- Export single graph
SELECT pg_ripple.export_nquads('<https://example.org/g1>') LIKE '%<https://example.org/a>%' AS g1_export_has_a;
 g1_export_has_a 
-----------------
 t
(1 row)

-- Triple count matches
SELECT pg_ripple.triple_count() >= 3 AS count_at_least_three;
 count_at_least_three 
----------------------
 t
(1 row)

-- TriG load: named graph via GRAPH {} block
SELECT pg_ripple.load_trig(
    '@prefix ex: <https://example.org/> .' || chr(10) ||
    'GRAPH ex:trig_graph {' || chr(10) ||
    '  ex:p1 ex:q1 ex:r1 .' || chr(10) ||
    '}' || chr(10)
) = 1 AS trig_loaded;
 trig_loaded 
-------------
 t
(1 row)

SELECT count(*) >= 1 AS trig_graph_listed
FROM pg_ripple.list_graphs()
WHERE graph_iri = '<https://example.org/trig_graph>';
 trig_graph_listed 
-------------------
 t
(1 row)

-- Blank node document-scoping: same blank node in two loads must get different IDs
SELECT pg_ripple.load_ntriples(
    '_:b0 <https://example.org/type> <https://example.org/Thing> .' || chr(10)
) = 1 AS bnode_load1;
 bnode_load1 
-------------
 t
(1 row)

SELECT pg_ripple.load_ntriples(
    '_:b0 <https://example.org/type> <https://example.org/Thing> .' || chr(10)
) = 1 AS bnode_load2;
 bnode_load2 
-------------
 t
(1 row)

-- Two loads of the same blank node label should produce at least 2 triples
-- (because they are scoped to different generations and get different IDs)
SELECT count(*) >= 2 AS bnode_isolation
FROM pg_ripple.find_triples(NULL, '<https://example.org/type>', '<https://example.org/Thing>');
 bnode_isolation 
-----------------
 t
(1 row)

