-- pg_regress test: OWL 2 EL profile classification
-- v0.57.0 Feature L-3.1
SET search_path TO pg_ripple, public;
-- Load OWL EL built-in rule set.
SELECT pg_ripple.load_rules_builtin('owl-el') > 0 AS owl_el_rules_loaded;
WARNING:  pg_ripple: loaded without shared_preload_libraries; HTAP merge worker, CONSTRUCT writeback, and dictionary cache are disabled. Add pg_ripple to shared_preload_libraries in postgresql.conf.
 owl_el_rules_loaded 
---------------------
 t
(1 row)

-- Verify the EL rule set is present.
SELECT count(*) > 0 AS owl_el_has_rules
FROM (SELECT * FROM pg_ripple.list_rules()) r
WHERE r::text LIKE '%owl-el%';
 owl_el_has_rules 
------------------
 t
(1 row)

-- Test: OWL EL profile GUC value is accepted.
SET pg_ripple.owl_profile = 'EL';
SHOW pg_ripple.owl_profile;
 pg_ripple.owl_profile 
-----------------------
 EL
(1 row)

SET pg_ripple.owl_profile = 'RL';
SHOW pg_ripple.owl_profile;
 pg_ripple.owl_profile 
-----------------------
 RL
(1 row)

SET pg_ripple.owl_profile = 'QL';
SHOW pg_ripple.owl_profile;
 pg_ripple.owl_profile 
-----------------------
 QL
(1 row)

-- Reset to default.
RESET pg_ripple.owl_profile;
-- Cleanup.
SELECT pg_ripple.drop_rules('owl-el') >= 0 AS cleanup_ok;
 cleanup_ok 
------------
 t
(1 row)

