-- pg_regress test: OWL 2 QL profile / DL-Lite query rewriting
-- v0.57.0 Feature L-3.2
SET search_path TO pg_ripple, public;
-- Load OWL QL built-in rule set.
SELECT pg_ripple.load_rules_builtin('owl-ql') > 0 AS owl_ql_rules_loaded;
WARNING:  pg_ripple: loaded without shared_preload_libraries; HTAP merge worker, CONSTRUCT writeback, and dictionary cache are disabled. Add pg_ripple to shared_preload_libraries in postgresql.conf.
 owl_ql_rules_loaded 
---------------------
 t
(1 row)

-- Verify the QL rule set is present.
SELECT count(*) > 0 AS owl_ql_has_rules
FROM (SELECT * FROM pg_ripple.list_rules()) r
WHERE r::text LIKE '%owl-ql%';
 owl_ql_has_rules 
------------------
 t
(1 row)

-- Test: owl_profile GUC accepts 'QL'.
SET pg_ripple.owl_profile = 'QL';
SHOW pg_ripple.owl_profile;
 pg_ripple.owl_profile 
-----------------------
 QL
(1 row)

RESET pg_ripple.owl_profile;
-- Cleanup.
SELECT pg_ripple.drop_rules('owl-ql') >= 0 AS cleanup_ok;
 cleanup_ok 
------------
 t
(1 row)

