-- pg_regress test: Graph RLS on promoted VP tables (v0.67.0 RLS-02)
--
-- Verifies that graph-level Row Level Security is applied to dedicated VP tables
-- when enable_graph_rls() is called and insert_triple() fires.
SET client_min_messages = warning;
CREATE EXTENSION IF NOT EXISTS pg_ripple;
SET client_min_messages = DEFAULT;
SET search_path TO pg_ripple, public;
-- Confirm enable_graph_rls() exists.
SELECT EXISTS (
    SELECT 1 FROM pg_proc p
    JOIN pg_namespace n ON n.oid = p.pronamespace
    WHERE n.nspname = 'pg_ripple'
      AND p.proname = 'enable_graph_rls'
) AS enable_graph_rls_exists;
 enable_graph_rls_exists 
-------------------------
 t
(1 row)

-- Confirm grant_graph function exists.
SELECT EXISTS (
    SELECT 1 FROM pg_proc p
    JOIN pg_namespace n ON n.oid = p.pronamespace
    WHERE n.nspname = 'pg_ripple'
      AND p.proname = 'grant_graph'
) AS grant_graph_exists;
 grant_graph_exists 
--------------------
 t
(1 row)

-- Enable global RLS.
SELECT pg_ripple.enable_graph_rls() AS rls_enabled;
WARNING:  pg_ripple: loaded without shared_preload_libraries; HTAP merge worker, CONSTRUCT writeback, and dictionary cache are disabled. Add pg_ripple to shared_preload_libraries in postgresql.conf.
 rls_enabled 
-------------
 t
(1 row)

-- Create a named graph.
SELECT pg_ripple.create_graph('https://rls.test/graphA/') IS NULL AS graphA_created;
 grapha_created 
----------------
 f
(1 row)

-- Insert a triple to trigger VP table creation.
SELECT pg_ripple.insert_triple(
    '<https://rls.test/Alice>',
    '<https://rls.test/knows>',
    '<https://rls.test/Bob>',
    'https://rls.test/graphA/'
) > 0 AS triple_inserted;
 triple_inserted 
-----------------
 t
(1 row)

-- Check that RLS is enabled on vp_rare.
SELECT relrowsecurity AS vp_rare_rls_enabled
FROM pg_class c
JOIN pg_namespace n ON n.oid = c.relnamespace
WHERE n.nspname = '_pg_ripple' AND c.relname = 'vp_rare';
 vp_rare_rls_enabled 
---------------------
 t
(1 row)

-- Cleanup.
SELECT pg_ripple.clear_graph('https://rls.test/graphA/') >= 0 AS graphA_cleared;
 grapha_cleared 
----------------
 t
(1 row)

SELECT pg_ripple.drop_graph('https://rls.test/graphA/') IS NULL AS graphA_dropped;
 grapha_dropped 
----------------
 f
(1 row)

