-- pg_regress test: owl:sameAs large cluster size bound (v0.42.0)
--
-- Tests that:
-- 1. GUC pg_ripple.sameas_max_cluster_size exists and defaults to 100000.
-- 2. PT550 WARNING is emitted when a cluster exceeds the configured limit.
-- 3. Canonicalization is skipped (returns empty map) when the limit is exceeded.
-- 4. Setting the limit to 0 disables the check.
CREATE EXTENSION IF NOT EXISTS pg_ripple;
SELECT pg_ripple.triple_count() >= 0 AS library_loaded;
WARNING:  pg_ripple: loaded without shared_preload_libraries; HTAP merge worker, CONSTRUCT writeback, and dictionary cache are disabled. Add pg_ripple to shared_preload_libraries in postgresql.conf.
 library_loaded 
----------------
 t
(1 row)

SET search_path TO pg_ripple, public;
-- ── Part 1: GUC checks ────────────────────────────────────────────────────────
-- 1a. sameas_max_cluster_size defaults to 100000.
SHOW pg_ripple.sameas_max_cluster_size;
 pg_ripple.sameas_max_cluster_size 
-----------------------------------
 100000
(1 row)

-- 1b. GUC can be reduced.
SET pg_ripple.sameas_max_cluster_size = 5;
SHOW pg_ripple.sameas_max_cluster_size;
 pg_ripple.sameas_max_cluster_size 
-----------------------------------
 5
(1 row)

-- 1c. Reset to a permissive value.
SET pg_ripple.sameas_max_cluster_size = 100000;
-- ── Part 2: Normal sameAs works below the limit ───────────────────────────────
-- Insert a small equivalence cluster (3 nodes).
SELECT pg_ripple.insert_triple(
    '<https://ex.org/cluster/a>',
    '<http://www.w3.org/2002/07/owl#sameAs>',
    '<https://ex.org/cluster/b>'
) > 0 AS inserted_ab;
 inserted_ab 
-------------
 t
(1 row)

SELECT pg_ripple.insert_triple(
    '<https://ex.org/cluster/b>',
    '<http://www.w3.org/2002/07/owl#sameAs>',
    '<https://ex.org/cluster/c>'
) > 0 AS inserted_bc;
 inserted_bc 
-------------
 t
(1 row)

-- Insert a test triple for inference.
SELECT pg_ripple.insert_triple(
    '<https://ex.org/cluster/a>',
    '<https://ex.org/hasProp>',
    '"test value"'
) > 0 AS inserted_prop;
 inserted_prop 
---------------
 t
(1 row)

-- Load simple transitivity rule.
SELECT pg_ripple.load_rules($$
?y owl:sameAs ?x :- ?x owl:sameAs ?y .
?x owl:sameAs ?z :- ?x owl:sameAs ?y, ?y owl:sameAs ?z .
$$) AS rules_loaded;
 rules_loaded 
--------------
            2
(1 row)

-- Inference should succeed without PT550 (cluster size 3 < 100000).
SELECT pg_ripple.infer() >= 0 AS inference_ok;
 inference_ok 
--------------
 t
(1 row)

-- ── Part 3: PT550 emitted when cluster exceeds limit ─────────────────────────
-- Set a very low limit so our 3-node cluster triggers the warning.
SET pg_ripple.sameas_max_cluster_size = 2;
-- Insert one more sameAs to grow cluster to 3 nodes.
SELECT pg_ripple.insert_triple(
    '<https://ex.org/cluster/c>',
    '<http://www.w3.org/2002/07/owl#sameAs>',
    '<https://ex.org/cluster/d>'
) > 0 AS inserted_cd;
 inserted_cd 
-------------
 t
(1 row)

-- Inference should emit PT550 WARNING and skip canonicalization (not an error).
-- The inference itself may still run (without sameAs rewriting).
SELECT pg_ripple.infer() >= 0 AS inference_ok_with_warning;
WARNING:  PT550: owl:sameAs equivalence class of 3 members exceeds pg_ripple.sameas_max_cluster_size (2); canonicalization skipped — check for data quality issues
 inference_ok_with_warning 
---------------------------
 t
(1 row)

-- Reset limit.
SET pg_ripple.sameas_max_cluster_size = 100000;
-- ── Part 4: Limit of 0 disables the check ────────────────────────────────────
SET pg_ripple.sameas_max_cluster_size = 0;
SHOW pg_ripple.sameas_max_cluster_size;
 pg_ripple.sameas_max_cluster_size 
-----------------------------------
 0
(1 row)

-- Inference should work without any PT550 warning even with large clusters.
SELECT pg_ripple.infer() >= 0 AS inference_ok_no_limit;
 inference_ok_no_limit 
-----------------------
 t
(1 row)

-- Reset.
SET pg_ripple.sameas_max_cluster_size = 100000;
-- Cleanup.
SELECT pg_ripple.drop_rules() AS rules_dropped;
ERROR:  function pg_ripple.drop_rules() does not exist at character 8
