-- pg_regress test: erase_subject GDPR tooling (v0.55.0)
-- Verifies that erase_subject() removes all triples for a given subject.
SET client_min_messages = warning;
CREATE EXTENSION IF NOT EXISTS pg_ripple;
SET client_min_messages = DEFAULT;
SET search_path TO pg_ripple, public;
-- Load triples for a subject we will erase.
SELECT pg_ripple.load_ntriples_into_graph(
  E'<http://example.org/alice> <http://www.w3.org/1999/02/22-rdf-syntax-ns#type> <http://example.org/Person> .\n' ||
  E'<http://example.org/alice> <http://example.org/name> "Alice" .\n' ||
  E'<http://example.org/alice> <http://example.org/email> "alice@example.org" .\n' ||
  E'<http://example.org/bob> <http://example.org/name> "Bob" .\n',
  'http://example.org/erasure_test'
) AS triples_loaded;
WARNING:  pg_ripple: loaded without shared_preload_libraries; HTAP merge worker, CONSTRUCT writeback, and dictionary cache are disabled. Add pg_ripple to shared_preload_libraries in postgresql.conf.
 triples_loaded 
----------------
              4
(1 row)

-- Verify triples for alice are present.
SELECT count(*) AS alice_triples_before
FROM pg_ripple.sparql(
  'SELECT ?p ?o WHERE { GRAPH <http://example.org/erasure_test> { <http://example.org/alice> ?p ?o } }'
);
 alice_triples_before 
----------------------
                    3
(1 row)

-- Erase all triples for alice.
SELECT (SELECT COALESCE(SUM(rows_deleted), 0) FROM pg_ripple.erase_subject('http://example.org/alice'::text)) >= 3 AS erased_ok;
 erased_ok 
-----------
 t
(1 row)

-- Verify alice's triples are gone.
SELECT count(*) AS alice_triples_after
FROM pg_ripple.sparql(
  'SELECT ?p ?o WHERE { GRAPH <http://example.org/erasure_test> { <http://example.org/alice> ?p ?o } }'
);
 alice_triples_after 
---------------------
                   0
(1 row)

-- Verify bob's triple is still present.
SELECT count(*) AS bob_triples_after
FROM pg_ripple.sparql(
  'SELECT ?o WHERE { GRAPH <http://example.org/erasure_test> { <http://example.org/bob> <http://example.org/name> ?o } }'
);
 bob_triples_after 
-------------------
                 1
(1 row)

-- Cleanup.
SELECT pg_ripple.drop_graph('http://example.org/erasure_test') IS NOT NULL AS dropped;
 dropped 
---------
 t
(1 row)

