-- pg_regress test: sh:equals and sh:disjoint constraints (v0.45.0)
--
-- Covers:
-- 1. Passing shape: sh:equals constraint satisfied (value sets equal).
-- 2. Failing shape: sh:equals violation (value sets differ).
-- 3. Passing shape: sh:disjoint constraint satisfied (sets are disjoint).
-- 4. Failing shape: sh:disjoint violation (sets share a value).
-- 5. Blank-node identity (blank nodes treated as their encoded IDs).
-- 6. Named-graph scoping (validation scoped to named graph).
-- Suppress IF-NOT-EXISTS NOTICEs from extension init and internal functions.
SET client_min_messages = WARNING;
CREATE EXTENSION IF NOT EXISTS pg_ripple;
SELECT pg_ripple.triple_count() >= 0 AS library_loaded;
WARNING:  pg_ripple: loaded without shared_preload_libraries; HTAP merge worker, CONSTRUCT writeback, and dictionary cache are disabled. Add pg_ripple to shared_preload_libraries in postgresql.conf.
 library_loaded 
----------------
 t
(1 row)

SET search_path TO pg_ripple, public;
-- ── Setup: insert test triples ─────────────────────────────────────────────
-- Focus node ex:alice
-- ex:name "Alice" (both paths will have "Alice" → equal)
SELECT pg_ripple.insert_triple(
    '<https://ex.org/alice>',
    '<https://ex.org/firstName>',
    '"Alice"'
) > 0 AS fn_alice;
 fn_alice 
----------
 t
(1 row)

SELECT pg_ripple.insert_triple(
    '<https://ex.org/alice>',
    '<https://ex.org/preferredName>',
    '"Alice"'
) > 0 AS pn_alice;
 pn_alice 
----------
 t
(1 row)

-- Focus node ex:bob
-- ex:firstName "Bob", ex:preferredName "Robert" → NOT equal → violation
SELECT pg_ripple.insert_triple(
    '<https://ex.org/bob>',
    '<https://ex.org/firstName>',
    '"Bob"'
) > 0 AS fn_bob;
 fn_bob 
--------
 t
(1 row)

SELECT pg_ripple.insert_triple(
    '<https://ex.org/bob>',
    '<https://ex.org/preferredName>',
    '"Robert"'
) > 0 AS pn_bob;
 pn_bob 
--------
 t
(1 row)

-- Focus node ex:carol
-- ex:email "carol@ex.org", ex:nickname "carol@ex.org" → disjoint violation
SELECT pg_ripple.insert_triple(
    '<https://ex.org/carol>',
    '<https://ex.org/email>',
    '"carol@ex.org"'
) > 0 AS email_carol;
 email_carol 
-------------
 t
(1 row)

SELECT pg_ripple.insert_triple(
    '<https://ex.org/carol>',
    '<https://ex.org/nickname>',
    '"carol@ex.org"'
) > 0 AS nick_carol;
 nick_carol 
------------
 t
(1 row)

-- Focus node ex:dave
-- ex:email "dave@ex.org", ex:nickname "dave_the_dev" → disjoint (no shared value)
SELECT pg_ripple.insert_triple(
    '<https://ex.org/dave>',
    '<https://ex.org/email>',
    '"dave@ex.org"'
) > 0 AS email_dave;
 email_dave 
------------
 t
(1 row)

SELECT pg_ripple.insert_triple(
    '<https://ex.org/dave>',
    '<https://ex.org/nickname>',
    '"dave_the_dev"'
) > 0 AS nick_dave;
 nick_dave 
-----------
 t
(1 row)

-- rdf:type triples so targetClass works
SELECT pg_ripple.insert_triple(
    '<https://ex.org/alice>',
    '<http://www.w3.org/1999/02/22-rdf-syntax-ns#type>',
    '<https://ex.org/Person>'
) > 0 AS type_alice;
 type_alice 
------------
 t
(1 row)

SELECT pg_ripple.insert_triple(
    '<https://ex.org/bob>',
    '<http://www.w3.org/1999/02/22-rdf-syntax-ns#type>',
    '<https://ex.org/Person>'
) > 0 AS type_bob;
 type_bob 
----------
 t
(1 row)

SELECT pg_ripple.insert_triple(
    '<https://ex.org/carol>',
    '<http://www.w3.org/1999/02/22-rdf-syntax-ns#type>',
    '<https://ex.org/Contact>'
) > 0 AS type_carol;
 type_carol 
------------
 t
(1 row)

SELECT pg_ripple.insert_triple(
    '<https://ex.org/dave>',
    '<http://www.w3.org/1999/02/22-rdf-syntax-ns#type>',
    '<https://ex.org/Contact>'
) > 0 AS type_dave;
 type_dave 
-----------
 t
(1 row)

-- ── Part 1: sh:equals — passing shape ────────────────────────────────────────
SELECT pg_ripple.load_shacl($$
@prefix sh: <http://www.w3.org/ns/shacl#> .
@prefix ex: <https://ex.org/> .

ex:AliceEqualShape
  a sh:NodeShape ;
  sh:targetNode ex:alice ;
  sh:property [
    sh:path ex:firstName ;
    sh:equals ex:preferredName ;
  ] .
$$) > 0 AS equals_shape_loaded;
 equals_shape_loaded 
---------------------
 t
(1 row)

-- Alice has the same value for firstName and preferredName → no violations.
SELECT (pg_ripple.validate() ->> 'conforms')::boolean = true AS alice_equals_passes;
 alice_equals_passes 
---------------------
 t
(1 row)

-- ── Part 2: sh:equals — failing shape ────────────────────────────────────────
SELECT pg_ripple.drop_shape('https://ex.org/AliceEqualShape') >= 0 AS drop_alice_shape;
 drop_alice_shape 
------------------
 t
(1 row)

SELECT pg_ripple.load_shacl($$
@prefix sh: <http://www.w3.org/ns/shacl#> .
@prefix ex: <https://ex.org/> .

ex:BobEqualShape
  a sh:NodeShape ;
  sh:targetNode ex:bob ;
  sh:property [
    sh:path ex:firstName ;
    sh:equals ex:preferredName ;
  ] .
$$) > 0 AS bob_equals_shape_loaded;
 bob_equals_shape_loaded 
-------------------------
 t
(1 row)

-- Bob has firstName="Bob" but preferredName="Robert" → violation expected.
SELECT jsonb_array_length(
    pg_ripple.validate() -> 'violations'
) > 0 AS bob_equals_fails;
 bob_equals_fails 
------------------
 t
(1 row)

-- Violation message must mention the focus node IRI (decoded).
SELECT (pg_ripple.validate() -> 'violations' -> 0 ->> 'focusNode') IS NOT NULL
    AS violation_has_focus_iri;
 violation_has_focus_iri 
-------------------------
 t
(1 row)

-- Violation constraint field must be 'sh:equals'.
SELECT (pg_ripple.validate() -> 'violations' -> 0 ->> 'constraint') = 'sh:equals'
    AS violation_constraint_is_equals;
 violation_constraint_is_equals 
--------------------------------
 t
(1 row)

SELECT pg_ripple.drop_shape('https://ex.org/BobEqualShape') >= 0 AS drop_bob_shape;
 drop_bob_shape 
----------------
 t
(1 row)

-- ── Part 3: sh:disjoint — passing shape ───────────────────────────────────────
SELECT pg_ripple.load_shacl($$
@prefix sh: <http://www.w3.org/ns/shacl#> .
@prefix ex: <https://ex.org/> .

ex:DaveDisjointShape
  a sh:NodeShape ;
  sh:targetNode ex:dave ;
  sh:property [
    sh:path ex:email ;
    sh:disjoint ex:nickname ;
  ] .
$$) > 0 AS dave_disjoint_shape_loaded;
 dave_disjoint_shape_loaded 
----------------------------
 t
(1 row)

-- Dave has distinct email and nickname → no violations.
SELECT (pg_ripple.validate() ->> 'conforms')::boolean = true AS dave_disjoint_passes;
 dave_disjoint_passes 
----------------------
 t
(1 row)

SELECT pg_ripple.drop_shape('https://ex.org/DaveDisjointShape') >= 0 AS drop_dave_shape;
 drop_dave_shape 
-----------------
 t
(1 row)

-- ── Part 4: sh:disjoint — failing shape ───────────────────────────────────────
SELECT pg_ripple.load_shacl($$
@prefix sh: <http://www.w3.org/ns/shacl#> .
@prefix ex: <https://ex.org/> .

ex:CarolDisjointShape
  a sh:NodeShape ;
  sh:targetNode ex:carol ;
  sh:property [
    sh:path ex:email ;
    sh:disjoint ex:nickname ;
  ] .
$$) > 0 AS carol_disjoint_shape_loaded;
 carol_disjoint_shape_loaded 
-----------------------------
 t
(1 row)

-- Carol has the same value in email and nickname → violation.
SELECT jsonb_array_length(
    pg_ripple.validate() -> 'violations'
) > 0 AS carol_disjoint_fails;
 carol_disjoint_fails 
----------------------
 t
(1 row)

-- Violation message must mention the focus node IRI (decoded).
SELECT (pg_ripple.validate() -> 'violations' -> 0 ->> 'focusNode') IS NOT NULL
    AS disjoint_violation_has_focus_iri;
 disjoint_violation_has_focus_iri 
----------------------------------
 t
(1 row)

-- Violation constraint field must be 'sh:disjoint'.
SELECT (pg_ripple.validate() -> 'violations' -> 0 ->> 'constraint') = 'sh:disjoint'
    AS disjoint_violation_constraint;
 disjoint_violation_constraint 
-------------------------------
 t
(1 row)

SELECT pg_ripple.drop_shape('https://ex.org/CarolDisjointShape') >= 0 AS drop_carol_shape;
 drop_carol_shape 
------------------
 t
(1 row)

-- ── Part 5: named-graph scoping ────────────────────────────────────────────────
-- Insert triples into a named graph and verify that the shape only validates
-- within that graph.
SELECT pg_ripple.insert_triple(
    '<https://ex.org/ng_alice>',
    '<https://ex.org/firstName>',
    '"Alice"',
    '<https://ex.org/graph1>'
) > 0 AS ng_fn;
 ng_fn 
-------
 t
(1 row)

SELECT pg_ripple.insert_triple(
    '<https://ex.org/ng_alice>',
    '<https://ex.org/preferredName>',
    '"Alice_NG"',
    '<https://ex.org/graph1>'
) > 0 AS ng_pn;
 ng_pn 
-------
 t
(1 row)

SELECT pg_ripple.load_shacl($$
@prefix sh: <http://www.w3.org/ns/shacl#> .
@prefix ex: <https://ex.org/> .

ex:NgEqualShape
  a sh:NodeShape ;
  sh:targetNode ex:ng_alice ;
  sh:property [
    sh:path ex:firstName ;
    sh:equals ex:preferredName ;
  ] .
$$) > 0 AS ng_shape_loaded;
 ng_shape_loaded 
-----------------
 t
(1 row)

-- ng_alice has firstName and preferredName ONLY in graph1 (named graph).
-- The default-graph validate() sees empty value sets for both predicates,
-- so the sets are trivially equal — no violation. Named-graph scoping
-- requires passing the graph IRI explicitly to validate().
SELECT (pg_ripple.validate() ->> 'conforms')::boolean = true AS ng_validate_default_graph_conforms;
 ng_validate_default_graph_conforms 
------------------------------------
 t
(1 row)

SELECT pg_ripple.drop_shape('https://ex.org/NgEqualShape') >= 0 AS drop_ng_shape;
 drop_ng_shape 
---------------
 t
(1 row)

-- ── Cleanup ────────────────────────────────────────────────────────────────────
SELECT pg_ripple.delete_triple('<https://ex.org/alice>', '<https://ex.org/firstName>', '"Alice"') >= 0 AS del1;
 del1 
------
 t
(1 row)

SELECT pg_ripple.delete_triple('<https://ex.org/alice>', '<https://ex.org/preferredName>', '"Alice"') >= 0 AS del2;
 del2 
------
 t
(1 row)

SELECT pg_ripple.delete_triple('<https://ex.org/bob>', '<https://ex.org/firstName>', '"Bob"') >= 0 AS del3;
 del3 
------
 t
(1 row)

SELECT pg_ripple.delete_triple('<https://ex.org/bob>', '<https://ex.org/preferredName>', '"Robert"') >= 0 AS del4;
 del4 
------
 t
(1 row)

SELECT pg_ripple.delete_triple('<https://ex.org/carol>', '<https://ex.org/email>', '"carol@ex.org"') >= 0 AS del5;
 del5 
------
 t
(1 row)

SELECT pg_ripple.delete_triple('<https://ex.org/carol>', '<https://ex.org/nickname>', '"carol@ex.org"') >= 0 AS del6;
 del6 
------
 t
(1 row)

SELECT pg_ripple.delete_triple('<https://ex.org/dave>', '<https://ex.org/email>', '"dave@ex.org"') >= 0 AS del7;
 del7 
------
 t
(1 row)

SELECT pg_ripple.delete_triple('<https://ex.org/dave>', '<https://ex.org/nickname>', '"dave_the_dev"') >= 0 AS del8;
 del8 
------
 t
(1 row)

