-- pg_regress test: SHACL → SPARQL planner hints (v0.38.0)
-- Namespace: https://hints.test/
--
-- Verifies that load_shacl() populates _pg_ripple.shape_hints with
-- min_count_1 and max_count_1 rows, and that drop_shape() removes them.
SET search_path TO pg_ripple, public;
-- ── Cleanup from any prior run ────────────────────────────────────────────────
DO $$
BEGIN
    DELETE FROM _pg_ripple.vp_rare
    WHERE p IN (
        SELECT id FROM _pg_ripple.dictionary
        WHERE value LIKE 'https://hints.test/%'
    );
END $$;
-- ── 1. Load a shape with sh:minCount 1 and sh:maxCount 1 ─────────────────────
SELECT pg_ripple.load_shacl($SHACL$
@prefix sh:  <http://www.w3.org/ns/shacl#> .
@prefix ex:  <https://hints.test/> .

ex:PersonShape
    a sh:NodeShape ;
    sh:targetClass ex:Person ;
    sh:property [
        sh:path ex:name ;
        sh:minCount 1 ;
        sh:maxCount 1 ;
    ] .
$SHACL$) = 1 AS one_shape_loaded;
WARNING:  pg_ripple: loaded without shared_preload_libraries; HTAP merge worker, CONSTRUCT writeback, and dictionary cache are disabled. Add pg_ripple to shared_preload_libraries in postgresql.conf.
 one_shape_loaded 
------------------
 t
(1 row)

-- ── 2. shape_hints has a min_count_1 row for ex:name ─────────────────────────
SELECT count(*) = 1 AS has_min_count_hint
FROM _pg_ripple.shape_hints sh
JOIN _pg_ripple.dictionary d ON d.id = sh.predicate_id
WHERE d.value = 'https://hints.test/name'
  AND sh.hint_type = 2;
 has_min_count_hint 
--------------------
 t
(1 row)

-- ── 3. shape_hints has a max_count_1 row for ex:name ─────────────────────────
SELECT count(*) = 1 AS has_max_count_hint
FROM _pg_ripple.shape_hints sh
JOIN _pg_ripple.dictionary d ON d.id = sh.predicate_id
WHERE d.value = 'https://hints.test/name'
  AND sh.hint_type = 1;
 has_max_count_hint 
--------------------
 t
(1 row)

-- ── 4. Load a shape with only sh:minCount 1 (no maxCount) ────────────────────
SELECT pg_ripple.load_shacl($SHACL$
@prefix sh:  <http://www.w3.org/ns/shacl#> .
@prefix ex:  <https://hints.test/> .

ex:OrgShape
    a sh:NodeShape ;
    sh:targetClass ex:Org ;
    sh:property [
        sh:path ex:foundedYear ;
        sh:minCount 1 ;
    ] .
$SHACL$) = 1 AS org_shape_loaded;
 org_shape_loaded 
------------------
 t
(1 row)

-- ex:foundedYear should have min_count_1 hint …
SELECT count(*) = 1 AS foundedyear_min_hint
FROM _pg_ripple.shape_hints sh
JOIN _pg_ripple.dictionary d ON d.id = sh.predicate_id
WHERE d.value = 'https://hints.test/foundedYear'
  AND sh.hint_type = 2;
 foundedyear_min_hint 
----------------------
 t
(1 row)

-- … but NOT a max_count_1 hint.
SELECT count(*) = 0 AS foundedyear_no_max_hint
FROM _pg_ripple.shape_hints sh
JOIN _pg_ripple.dictionary d ON d.id = sh.predicate_id
WHERE d.value = 'https://hints.test/foundedYear'
  AND sh.hint_type = 1;
 foundedyear_no_max_hint 
-------------------------
 t
(1 row)

-- ── 5. drop_shape removes the hints ──────────────────────────────────────────
SELECT pg_ripple.drop_shape('https://hints.test/PersonShape') AS person_shape_dropped;
 person_shape_dropped 
----------------------
                    1
(1 row)

-- After drop, min_count_1 hint for ex:name is gone.
SELECT count(*) = 0 AS name_min_hint_removed
FROM _pg_ripple.shape_hints sh
JOIN _pg_ripple.dictionary d ON d.id = sh.predicate_id
WHERE d.value = 'https://hints.test/name'
  AND sh.hint_type = 2;
 name_min_hint_removed 
-----------------------
 t
(1 row)

-- max_count_1 hint for ex:name is also gone.
SELECT count(*) = 0 AS name_max_hint_removed
FROM _pg_ripple.shape_hints sh
JOIN _pg_ripple.dictionary d ON d.id = sh.predicate_id
WHERE d.value = 'https://hints.test/name'
  AND sh.hint_type = 1;
 name_max_hint_removed 
-----------------------
 t
(1 row)

-- OrgShape hints are unaffected.
SELECT count(*) = 1 AS foundedyear_hint_still_present
FROM _pg_ripple.shape_hints sh
JOIN _pg_ripple.dictionary d ON d.id = sh.predicate_id
WHERE d.value = 'https://hints.test/foundedYear'
  AND sh.hint_type = 2;
 foundedyear_hint_still_present 
--------------------------------
 t
(1 row)

-- ── 6. invalidate_catalog_cache runs without error ────────────────────────────
SELECT pg_ripple.invalidate_catalog_cache() IS NULL AS cache_invalidated;
 cache_invalidated 
-------------------
 f
(1 row)

-- ── Cleanup ───────────────────────────────────────────────────────────────────
SELECT pg_ripple.drop_shape('https://hints.test/OrgShape') AS org_shape_dropped;
 org_shape_dropped 
-------------------
                 1
(1 row)

DO $$
BEGIN
    DELETE FROM _pg_ripple.vp_rare
    WHERE p IN (
        SELECT id FROM _pg_ripple.dictionary
        WHERE value LIKE 'https://hints.test/%'
    );
END $$;
