-- shacl_query_hints.sql — SHACL-driven query optimization hints (v0.23.0)
--
-- Verifies that after loading a SHACL shape with sh:maxCount 1 / sh:minCount 1,
-- explain_sparql() reflects the query optimizer's use of SHACL hints.
-- (Stable output: tests use boolean checks, not raw EXPLAIN plan text.)
--
-- See also: shacl_query_opt.sql (v0.13.0) for the GUC and plan-cache baseline.
SET search_path TO pg_ripple, public;
-- ── Setup ────────────────────────────────────────────────────────────────────
SELECT pg_ripple.load_ntriples(
    '<https://qhint.test/p1>  <https://qhint.test/name>  "Person One" .'  || E'\n' ||
    '<https://qhint.test/p1>  <https://qhint.test/age>   "30"^^<http://www.w3.org/2001/XMLSchema#integer> .' || E'\n' ||
    '<https://qhint.test/p1>  <http://www.w3.org/1999/02/22-rdf-syntax-ns#type>  <https://qhint.test/Person> .' || E'\n' ||
    '<https://qhint.test/p2>  <https://qhint.test/name>  "Person Two" .'  || E'\n' ||
    '<https://qhint.test/p2>  <https://qhint.test/age>   "25"^^<http://www.w3.org/2001/XMLSchema#integer> .' || E'\n' ||
    '<https://qhint.test/p2>  <http://www.w3.org/1999/02/22-rdf-syntax-ns#type>  <https://qhint.test/Person> .'
) = 6 AS six_triples;
WARNING:  pg_ripple: loaded without shared_preload_libraries; HTAP merge worker, CONSTRUCT writeback, and dictionary cache are disabled. Add pg_ripple to shared_preload_libraries in postgresql.conf.
 six_triples 
-------------
 t
(1 row)

-- ── Load shape with maxCount 1 / minCount 1 ──────────────────────────────────
SELECT pg_ripple.load_shacl($SHACL$
@prefix sh:  <http://www.w3.org/ns/shacl#> .
@prefix ex:  <https://qhint.test/> .
@prefix xsd: <http://www.w3.org/2001/XMLSchema#> .

ex:PersonShape
    a sh:NodeShape ;
    sh:targetClass ex:Person ;
    sh:property [
        sh:path ex:name ;
        sh:minCount 1 ;
        sh:maxCount 1 ;
        sh:datatype xsd:string ;
    ] ;
    sh:property [
        sh:path ex:age ;
        sh:minCount 1 ;
        sh:maxCount 1 ;
    ] .
$SHACL$) IS NOT NULL AS shape_loaded;
 shape_loaded 
--------------
 t
(1 row)

-- ── explain_sparql() should execute without error after shape is loaded ───────
-- Basic: explain_sparql runs on a SELECT query after shapes are loaded.
SELECT length(pg_ripple.explain_sparql(
    'SELECT ?name ?age WHERE { ?s <https://qhint.test/name> ?name ; <https://qhint.test/age> ?age }',
    'sql'
)) > 0 AS sql_nonempty;
 sql_nonempty 
--------------
 t
(1 row)

-- Verify actual SPARQL query returns correct results.
SELECT COUNT(*) = 2 AS two_persons FROM pg_ripple.sparql(
    'SELECT ?name WHERE { ?s <https://qhint.test/name> ?name ; <http://www.w3.org/1999/02/22-rdf-syntax-ns#type> <https://qhint.test/Person> }'
);
 two_persons 
-------------
 t
(1 row)

-- Validate shape (both persons should conform).
SELECT (pg_ripple.validate() ->> 'conforms')::boolean AS all_conform;
 all_conform 
-------------
 t
(1 row)

-- ── The SQL output should contain inner-join pattern ─────────────────────────
-- (sh:minCount 1 allows INNER JOIN rather than LEFT JOIN)
-- Check that the plan uses multiple table references (implicit join via comma or explicit JOIN).
SELECT pg_ripple.explain_sparql(
    'SELECT ?s ?name WHERE { ?s <https://qhint.test/name> ?name . ?s <http://www.w3.org/1999/02/22-rdf-syntax-ns#type> <https://qhint.test/Person> }',
    'sql'
) ILIKE '%FROM%AS _t%' AS plan_has_join;
 plan_has_join 
---------------
 t
(1 row)

-- Cleanup: remove shape and qhint.test triples to avoid polluting later tests.
DO $$
DECLARE
    s RECORD;
BEGIN
    FOR s IN SELECT shape_iri FROM _pg_ripple.shacl_shapes
             WHERE shape_iri LIKE '%qhint.test%'
    LOOP
        PERFORM pg_ripple.drop_shape(s.shape_iri);
    END LOOP;
END $$;
DO $$
DECLARE
    qhint_ids BIGINT[];
    pred_id   BIGINT;
BEGIN
    SELECT array_agg(id) INTO qhint_ids
    FROM _pg_ripple.dictionary WHERE value LIKE 'https://qhint.test/%';
    IF qhint_ids IS NULL THEN RETURN; END IF;
    DELETE FROM _pg_ripple.vp_rare
    WHERE s = ANY(qhint_ids) OR o = ANY(qhint_ids) OR p = ANY(qhint_ids);
    FOR pred_id IN
        SELECT id FROM _pg_ripple.predicates WHERE table_oid IS NOT NULL
    LOOP
        BEGIN
            EXECUTE format(
                'DELETE FROM _pg_ripple.vp_%s_delta WHERE s=ANY($1) OR o=ANY($1)',
                pred_id) USING qhint_ids;
            EXECUTE format(
                'DELETE FROM _pg_ripple.vp_%s_main  WHERE s=ANY($1) OR o=ANY($1)',
                pred_id) USING qhint_ids;
        EXCEPTION WHEN undefined_table THEN NULL;
        END;
    END LOOP;
END $$;
