-- pg_regress test: SPARQL BIND and COALESCE edge cases
CREATE EXTENSION IF NOT EXISTS pg_ripple;
SELECT pg_ripple.triple_count() >= 0 AS library_loaded;
WARNING:  pg_ripple: loaded without shared_preload_libraries; HTAP merge worker, CONSTRUCT writeback, and dictionary cache are disabled. Add pg_ripple to shared_preload_libraries in postgresql.conf.
 library_loaded 
----------------
 t
(1 row)

SET search_path TO pg_ripple, public;
-- Load test data.
SELECT pg_ripple.load_ntriples(
    '<https://bind.test/alice> <https://bind.test/age> "30"^^<http://www.w3.org/2001/XMLSchema#integer> .' || E'\n' ||
    '<https://bind.test/bob> <https://bind.test/age> "25"^^<http://www.w3.org/2001/XMLSchema#integer> .' || E'\n' ||
    '<https://bind.test/carol> <https://bind.test/name> "Carol" .'
) = 3 AS three_triples_loaded;
 three_triples_loaded 
----------------------
 t
(1 row)

-- 1. BIND with arithmetic.
SELECT COUNT(*) = 2 AS bind_arithmetic_works
FROM pg_ripple.sparql($$
    SELECT ?person ?decade WHERE {
        ?person <https://bind.test/age> ?age .
        BIND(?age / 10 AS ?decade)
        FILTER(?decade >= 2)
    }
$$);
 bind_arithmetic_works 
-----------------------
 t
(1 row)

-- 2. BIND with STR().
SELECT COUNT(*) = 2 AS bind_str_works
FROM pg_ripple.sparql($$
    SELECT ?person ?s WHERE {
        ?person <https://bind.test/age> ?age .
        BIND(STR(?age) AS ?s)
    }
$$);
 bind_str_works 
----------------
 t
(1 row)

-- 3. COALESCE returns first non-null binding.
SELECT COUNT(*) >= 1 AS coalesce_works
FROM pg_ripple.sparql($$
    SELECT ?person ?val WHERE {
        ?person <https://bind.test/name> ?val .
        FILTER(COALESCE(?val, "default") != "")
    }
$$);
 coalesce_works 
----------------
 t
(1 row)

-- 4. IF expression in BIND.
SELECT COUNT(*) = 2 AS if_bind_works
FROM pg_ripple.sparql($$
    SELECT ?person ?label WHERE {
        ?person <https://bind.test/age> ?age .
        BIND(IF(?age > 28, "senior", "junior") AS ?label)
    }
$$);
 if_bind_works 
---------------
 t
(1 row)

