-- pg_regress test: SPARQL query engine (v0.3.0)
-- Uses a unique predicate namespace to avoid interference from other tests.
-- Clean up any q.test data from previous runs to ensure idempotent counts.
DO $$
BEGIN
    DELETE FROM _pg_ripple.vp_rare
    WHERE p IN (
        SELECT id FROM _pg_ripple.dictionary
        WHERE value IN ('https://q.test/knows', 'https://q.test/name')
    );
END $$;
-- Setup: load a small dataset with unique-to-this-test predicates.
SELECT pg_ripple.load_ntriples(
    '<https://q.test/alice> <https://q.test/knows> <https://q.test/bob> .' || E'\n' ||
    '<https://q.test/bob>   <https://q.test/knows> <https://q.test/carol> .' || E'\n' ||
    '<https://q.test/alice> <https://q.test/name>  "Alice" .' || E'\n'
) = 3 AS three_triples_loaded;
WARNING:  pg_ripple: loaded without shared_preload_libraries; HTAP merge worker, CONSTRUCT writeback, and dictionary cache are disabled. Add pg_ripple to shared_preload_libraries in postgresql.conf.
 three_triples_loaded 
----------------------
 t
(1 row)

-- SELECT with bound predicate (knows): exactly 2 triples.
SELECT COUNT(*) AS knows_count
FROM pg_ripple.sparql(
    'SELECT ?s ?o WHERE { ?s <https://q.test/knows> ?o }'
);
 knows_count 
-------------
           2
(1 row)

-- SELECT DISTINCT subjects of knows triples: exactly 2 distinct subjects.
SELECT COUNT(*) AS knows_subjects
FROM pg_ripple.sparql(
    'SELECT DISTINCT ?s WHERE { ?s <https://q.test/knows> ?o }'
);
 knows_subjects 
----------------
              2
(1 row)

-- LIMIT 1 must return exactly one row.
SELECT COUNT(*) AS limit_count
FROM pg_ripple.sparql(
    'SELECT ?s ?o WHERE { ?s <https://q.test/knows> ?o } LIMIT 1'
);
 limit_count 
-------------
           1
(1 row)

-- ASK for a subject that was never stored: must be false.
SELECT pg_ripple.sparql_ask(
    'ASK { <https://q.test/nobody> <https://q.test/knows> ?o }'
) AS ask_nobody;
 ask_nobody 
------------
 f
(1 row)

-- ASK for alice: must be true.
SELECT pg_ripple.sparql_ask(
    'ASK { <https://q.test/alice> <https://q.test/knows> ?o }'
) AS ask_alice_knows;
 ask_alice_knows 
-----------------
 t
(1 row)

-- ASK any triple with the test predicate: must be true.
SELECT pg_ripple.sparql_ask(
    'ASK { ?s <https://q.test/knows> ?o }'
) AS ask_any_knows;
 ask_any_knows 
---------------
 t
(1 row)

-- sparql_explain must return a string that starts with the generated-SQL marker.
SELECT pg_ripple.sparql_explain(
    'SELECT ?s ?o WHERE { ?s <https://q.test/knows> ?o }',
    FALSE
) LIKE '-- SPARQL Algebra --%' AS explain_ok;
 explain_ok 
------------
 t
(1 row)

-- SELECT subjects of knows triples in deterministic alphabetical order.
SELECT result->>'s' AS subject
FROM pg_ripple.sparql(
    'SELECT ?s ?o WHERE { ?s <https://q.test/knows> ?o }'
)
ORDER BY 1;
        subject         
------------------------
 <https://q.test/alice>
 <https://q.test/bob>
(2 rows)

-- SELECT with literal pattern (name triple): exactly 1 row.
SELECT COUNT(*) AS name_count
FROM pg_ripple.sparql(
    'SELECT ?o WHERE { <https://q.test/alice> <https://q.test/name> ?o }'
);
 name_count 
------------
          1
(1 row)

