-- pg_regress test: SPARQL UNION with multiple branches
CREATE EXTENSION IF NOT EXISTS pg_ripple;
SELECT pg_ripple.triple_count() >= 0 AS library_loaded;
WARNING:  pg_ripple: loaded without shared_preload_libraries; HTAP merge worker, CONSTRUCT writeback, and dictionary cache are disabled. Add pg_ripple to shared_preload_libraries in postgresql.conf.
 library_loaded 
----------------
 t
(1 row)

SET search_path TO pg_ripple, public;
-- Load test data for two different predicates.
SELECT pg_ripple.load_ntriples(
    '<https://union2.test/alice> <https://union2.test/email> "alice@example.com" .' || E'\n' ||
    '<https://union2.test/bob> <https://union2.test/phone> "+1-555-0100" .' || E'\n' ||
    '<https://union2.test/carol> <https://union2.test/email> "carol@example.com" .' || E'\n' ||
    '<https://union2.test/carol> <https://union2.test/phone> "+1-555-0200" .'
) = 4 AS four_triples_loaded;
 four_triples_loaded 
---------------------
 t
(1 row)

-- 1. UNION of two branches returns combined results.
SELECT COUNT(*) = 4 AS union_combines_results
FROM pg_ripple.sparql($$
    SELECT ?person ?contact WHERE {
        { ?person <https://union2.test/email> ?contact }
        UNION
        { ?person <https://union2.test/phone> ?contact }
    }
$$);
 union_combines_results 
------------------------
 t
(1 row)

-- 2. UNION with DISTINCT deduplicates.
SELECT COUNT(*) = 3 AS union_distinct_persons
FROM pg_ripple.sparql($$
    SELECT DISTINCT ?person WHERE {
        { ?person <https://union2.test/email> ?contact }
        UNION
        { ?person <https://union2.test/phone> ?contact }
    }
$$);
 union_distinct_persons 
------------------------
 t
(1 row)

-- 3. Three-branch UNION.
SELECT COUNT(*) = 4 AS three_branch_union_ok
FROM pg_ripple.sparql($$
    SELECT ?person ?val WHERE {
        { ?person <https://union2.test/email> ?val }
        UNION
        { ?person <https://union2.test/phone> ?val }
        UNION
        { ?person <https://union2.test/email> ?val FILTER(?val = "fake") }
    }
$$);
 three_branch_union_ok 
-----------------------
 t
(1 row)

