-- pg_regress test: SPARQL property path alternation and sequence
CREATE EXTENSION IF NOT EXISTS pg_ripple;
SELECT pg_ripple.triple_count() >= 0 AS library_loaded;
WARNING:  pg_ripple: loaded without shared_preload_libraries; HTAP merge worker, CONSTRUCT writeback, and dictionary cache are disabled. Add pg_ripple to shared_preload_libraries in postgresql.conf.
 library_loaded 
----------------
 t
(1 row)

SET search_path TO pg_ripple, public;
-- Load test graph with multiple edge types.
SELECT pg_ripple.load_ntriples(
    '<https://ppath.test/a> <https://ppath.test/knows> <https://ppath.test/b> .' || E'\n' ||
    '<https://ppath.test/b> <https://ppath.test/likes> <https://ppath.test/c> .' || E'\n' ||
    '<https://ppath.test/a> <https://ppath.test/follows> <https://ppath.test/d> .' || E'\n' ||
    '<https://ppath.test/d> <https://ppath.test/knows> <https://ppath.test/e> .'
) = 4 AS four_path_triples;
 four_path_triples 
-------------------
 t
(1 row)

-- 1. Sequence path: a knows/likes c (two-hop sequence).
SELECT COUNT(*) = 1 AS sequence_path_works
FROM pg_ripple.sparql($$
    SELECT ?end WHERE {
        <https://ppath.test/a> <https://ppath.test/knows>/<https://ppath.test/likes> ?end .
    }
$$);
 sequence_path_works 
---------------------
 t
(1 row)

-- 2. Alternation path: a (knows|follows) any.
SELECT COUNT(*) = 2 AS alternation_path_works
FROM pg_ripple.sparql($$
    SELECT ?next WHERE {
        <https://ppath.test/a> (<https://ppath.test/knows>|<https://ppath.test/follows>) ?next .
    }
$$);
 alternation_path_works 
------------------------
 t
(1 row)

-- 3. Transitive closure (knows+).
SELECT COUNT(*) >= 1 AS transitive_closure_works
FROM pg_ripple.sparql($$
    SELECT ?reachable WHERE {
        <https://ppath.test/a> <https://ppath.test/knows>+ ?reachable .
    }
$$);
 transitive_closure_works 
--------------------------
 t
(1 row)

-- 4. Zero-or-more path includes starting node.
SELECT COUNT(*) >= 1 AS zero_or_more_works
FROM pg_ripple.sparql($$
    SELECT ?node WHERE {
        <https://ppath.test/a> <https://ppath.test/knows>* ?node .
    }
$$);
 zero_or_more_works 
--------------------
 t
(1 row)

