-- pg_regress test: SPARQL CONSTRUCT query with blank nodes
CREATE EXTENSION IF NOT EXISTS pg_ripple;
SELECT pg_ripple.triple_count() >= 0 AS library_loaded;
WARNING:  pg_ripple: loaded without shared_preload_libraries; HTAP merge worker, CONSTRUCT writeback, and dictionary cache are disabled. Add pg_ripple to shared_preload_libraries in postgresql.conf.
 library_loaded 
----------------
 t
(1 row)

SET search_path TO pg_ripple, public;
-- Load base data.
SELECT pg_ripple.load_ntriples(
    '<https://cbn.test/person1> <https://cbn.test/name> "Alice" .' || E'\n' ||
    '<https://cbn.test/person1> <https://cbn.test/age> "30"^^<http://www.w3.org/2001/XMLSchema#integer> .' || E'\n' ||
    '<https://cbn.test/person2> <https://cbn.test/name> "Bob" .'
) = 3 AS three_triples_loaded;
 three_triples_loaded 
----------------------
 t
(1 row)

-- 1. CONSTRUCT query returns non-zero triples.
SELECT COUNT(*) >= 1 AS construct_returns_triples
FROM pg_ripple.sparql_construct($$
    CONSTRUCT { ?p <https://cbn.test/known> <https://cbn.test/true> . }
    WHERE {
        ?p <https://cbn.test/name> ?n .
    }
$$);
 construct_returns_triples 
---------------------------
 t
(1 row)

-- 2. CONSTRUCT with projected data.
SELECT COUNT(*) >= 1 AS construct_blank_node_ok
FROM pg_ripple.sparql_construct($$
    CONSTRUCT { ?p <https://cbn.test/hasName> ?n . }
    WHERE {
        ?p <https://cbn.test/name> ?n .
    }
$$);
 construct_blank_node_ok 
-------------------------
 t
(1 row)

-- 3. DESCRIBE returns triples about a subject.
SELECT COUNT(*) >= 1 AS describe_returns_triples
FROM pg_ripple.sparql_describe($$
    DESCRIBE <https://cbn.test/person1>
$$);
 describe_returns_triples 
--------------------------
 t
(1 row)

-- 4. CONSTRUCT with OPTIONAL pattern.
SELECT COUNT(*) >= 1 AS construct_optional_ok
FROM pg_ripple.sparql_construct($$
    CONSTRUCT { ?p <https://cbn.test/hasAge> ?a . }
    WHERE {
        ?p <https://cbn.test/name> ?n .
        OPTIONAL { ?p <https://cbn.test/age> ?a . }
    }
$$);
 construct_optional_ok 
-----------------------
 t
(1 row)

