-- sparql_csv_tsv.sql
-- Test SPARQL CSV and TSV output formats (v0.51.0).
SET client_min_messages = warning;
CREATE EXTENSION IF NOT EXISTS pg_ripple;
SET client_min_messages = DEFAULT;
SET search_path TO pg_ripple, public;
-- Setup: small test graph
SELECT pg_ripple.insert_triple(
    '<http://csv.example.org/Alice>',
    '<http://csv.example.org/name>',
    '"Alice"'
) > 0 AS triple_inserted;
WARNING:  pg_ripple: loaded without shared_preload_libraries; HTAP merge worker, CONSTRUCT writeback, and dictionary cache are disabled. Add pg_ripple to shared_preload_libraries in postgresql.conf.
 triple_inserted 
-----------------
 t
(1 row)

-- Test 1: sparql_csv exists and returns rows
SELECT count(*) >= 1 AS csv_has_rows
FROM pg_ripple.sparql_csv(
    'SELECT ?s ?name WHERE {
       ?s <http://csv.example.org/name> ?name
     }'
);
 csv_has_rows 
--------------
 t
(1 row)

-- Test 2: sparql_tsv exists and returns rows
SELECT count(*) >= 1 AS tsv_has_rows
FROM pg_ripple.sparql_tsv(
    'SELECT ?s ?name WHERE {
       ?s <http://csv.example.org/name> ?name
     }'
);
 tsv_has_rows 
--------------
 t
(1 row)

-- Test 3: CSV first row is the header
SELECT (array_agg(line ORDER BY ordinality))[1] LIKE '?%' AS first_row_is_header
FROM pg_ripple.sparql_csv(
    'SELECT ?s ?name WHERE {
       ?s <http://csv.example.org/name> ?name
     }'
) WITH ORDINALITY;
 first_row_is_header 
---------------------
 t
(1 row)

-- Test 4: Empty result returns no rows
SELECT count(*) AS empty_result_rows
FROM pg_ripple.sparql_csv(
    'SELECT ?s WHERE { ?s <http://csv.example.org/nonexistent> ?o }'
);
 empty_result_rows 
-------------------
                 0
(1 row)

-- Test 5: Insert additional data for CSV/TSV content tests
SELECT pg_ripple.insert_triple(
    '<http://example.org/Bob>',
    '<http://schema.org/name>',
    '"Bob"'
) > 0 AS bob_inserted;
 bob_inserted 
--------------
 t
(1 row)

SELECT pg_ripple.insert_triple(
    '<http://example.org/Alice>',
    '<http://schema.org/age>',
    '"30"^^<http://www.w3.org/2001/XMLSchema#integer>'
) > 0 AS alice_age_inserted;
 alice_age_inserted 
--------------------
 t
(1 row)

-- Test 6: CSV header and data rows
SELECT line FROM pg_ripple.sparql_csv(
    'SELECT ?s ?name WHERE {
       ?s <http://schema.org/name> ?name
     } ORDER BY ?name'
);
                line                
------------------------------------
 ?name,?s
 """Bob""",<http://example.org/Bob>
(2 rows)

-- Test 7: TSV header and data rows
SELECT line FROM pg_ripple.sparql_tsv(
    'SELECT ?s ?name WHERE {
       ?s <http://schema.org/name> ?name
     } ORDER BY ?name'
);
               line               
----------------------------------
 ?name   ?s
 "Bob"   <http://example.org/Bob>
(2 rows)

-- Test 8: CSV with a value containing a comma (must be quoted)
SELECT pg_ripple.insert_triple(
    '<http://example.org/Carol>',
    '<http://schema.org/name>',
    '"Smith, Carol"'
) > 0 AS carol_inserted;
 carol_inserted 
----------------
 t
(1 row)

SELECT line FROM pg_ripple.sparql_csv(
    'SELECT ?name WHERE {
       <http://example.org/Carol> <http://schema.org/name> ?name
     }'
);
        line        
--------------------
 ?name
 """Smith, Carol"""
(2 rows)

-- Test 9: Empty result set
SELECT count(*) AS line_count FROM pg_ripple.sparql_csv(
    'SELECT ?s WHERE { ?s <http://example.org/nonexistent> ?o }'
);
 line_count 
------------
          0
(1 row)

