-- pg_regress test: SPARQL ASK queries
CREATE EXTENSION IF NOT EXISTS pg_ripple;
SELECT pg_ripple.triple_count() >= 0 AS library_loaded;
WARNING:  pg_ripple: loaded without shared_preload_libraries; HTAP merge worker, CONSTRUCT writeback, and dictionary cache are disabled. Add pg_ripple to shared_preload_libraries in postgresql.conf.
 library_loaded 
----------------
 t
(1 row)

SET search_path TO pg_ripple, public;
-- Load test data.
SELECT pg_ripple.load_ntriples(
    '<https://ask.test/alice> <https://ask.test/type> <https://ask.test/Person> .' || E'\n' ||
    '<https://ask.test/alice> <https://ask.test/name> "Alice" .' || E'\n' ||
    '<https://ask.test/alice> <https://ask.test/age> "30"^^<http://www.w3.org/2001/XMLSchema#integer> .'
) = 3 AS three_triples_loaded;
 three_triples_loaded 
----------------------
 t
(1 row)

-- 1. ASK returns true when pattern matches.
SELECT (pg_ripple.sparql_ask($$
    ASK { <https://ask.test/alice> <https://ask.test/type> <https://ask.test/Person> . }
$$)) = true AS ask_true_works;
 ask_true_works 
----------------
 t
(1 row)

-- 2. ASK returns false when pattern doesn't match.
SELECT (pg_ripple.sparql_ask($$
    ASK { <https://ask.test/nonexistent> <https://ask.test/type> <https://ask.test/Person> . }
$$)) = false AS ask_false_works;
 ask_false_works 
-----------------
 t
(1 row)

-- 3. ASK with FILTER.
SELECT (pg_ripple.sparql_ask($$
    ASK {
        <https://ask.test/alice> <https://ask.test/age> ?a .
        FILTER(?a > 25)
    }
$$)) = true AS ask_with_filter_works;
 ask_with_filter_works 
-----------------------
 t
(1 row)

-- 4. ASK with failing FILTER.
SELECT (pg_ripple.sparql_ask($$
    ASK {
        <https://ask.test/alice> <https://ask.test/age> ?a .
        FILTER(?a > 50)
    }
$$)) = false AS ask_failing_filter_works;
 ask_failing_filter_works 
--------------------------
 t
(1 row)

