-- pg_regress test: SPARQL adversarial inputs (injection safety, v0.3.0)
-- Clean up any inj.test data from previous runs to ensure idempotent counts.
DO $$
BEGIN
    DELETE FROM _pg_ripple.vp_rare
    WHERE p IN (
        SELECT id FROM _pg_ripple.dictionary
        WHERE value = 'https://inj.test/p'
    );
END $$;
-- Setup a baseline triple so ASK queries can test real data.
SELECT pg_ripple.load_ntriples(
    '<https://inj.test/safe> <https://inj.test/p> <https://inj.test/v> .' || E'\n'
) = 1 AS baseline_loaded;
WARNING:  pg_ripple: loaded without shared_preload_libraries; HTAP merge worker, CONSTRUCT writeback, and dictionary cache are disabled. Add pg_ripple to shared_preload_libraries in postgresql.conf.
 baseline_loaded 
-----------------
 t
(1 row)

-- IRI containing percent-encoded SQL-injection-like characters: must not match.
-- (The SPARQL parser accepts percent-encoded chars safely; bound IRI is encoded
-- to an i64 before any SQL is generated, so SQL injection is impossible.)
SELECT pg_ripple.sparql_ask(
    'ASK { <https://inj.test/safe%27%3B%20DROP%20TABLE%20_pg_ripple.dictionary%3B%20--#> ?p ?o }'
) AS injection_iri_ask;
 injection_iri_ask 
-------------------
 f
(1 row)

-- SPARQL query with a literal containing single quotes.
SELECT pg_ripple.sparql_ask(
    $$ASK { ?s ?p "it's fine" }$$
) AS literal_single_quote;
 literal_single_quote 
----------------------
 f
(1 row)

-- SPARQL query with a literal containing a backslash.
SELECT pg_ripple.sparql_ask(
    $$ASK { ?s ?p "path\\to\\file" }$$
) AS literal_backslash;
 literal_backslash 
-------------------
 f
(1 row)

-- SPARQL query with a Unicode IRI.
SELECT pg_ripple.sparql_ask(
    U&'ASK { <https://inj.test/\00e9l\00e8ve> ?p ?o }'
) AS unicode_iri_ask;
 unicode_iri_ask 
-----------------
 f
(1 row)

-- Very long IRI (256 characters): must not error.
SELECT pg_ripple.sparql_ask(
    'ASK { <https://inj.test/' ||
    repeat('a', 256) ||
    '> ?p ?o }'
) AS long_iri_ask;
 long_iri_ask 
--------------
 f
(1 row)

-- Verify the baseline triple is retrievable via SPARQL.
SELECT COUNT(*) AS baseline_count
FROM pg_ripple.sparql('SELECT ?s ?p ?o WHERE { ?s <https://inj.test/p> ?o }');
 baseline_count 
----------------
              1
(1 row)

-- Verify dictionary is intact after all injection attempts.
SELECT pg_ripple.triple_count() >= 1 AS dictionary_intact;
 dictionary_intact 
-------------------
 t
(1 row)

