-- telemetry.sql — Tracing GUC toggle tests (v0.40.0)
--
-- Verifies that the tracing-related GUCs exist and can be toggled without error.
SET search_path TO pg_ripple, public;
CREATE EXTENSION IF NOT EXISTS pg_ripple;
-- Load library explicitly before SHOW (needed so GUCs are registered).
SELECT pg_ripple.triple_count() >= 0 AS library_loaded;
WARNING:  pg_ripple: loaded without shared_preload_libraries; HTAP merge worker, CONSTRUCT writeback, and dictionary cache are disabled. Add pg_ripple to shared_preload_libraries in postgresql.conf.
 library_loaded 
----------------
 t
(1 row)

-- ── 1. GUC existence ──────────────────────────────────────────────────────────
-- 1a. tracing_enabled defaults to off.
SHOW pg_ripple.tracing_enabled;
 pg_ripple.tracing_enabled 
---------------------------
 off
(1 row)

-- 1b. tracing_exporter GUC exists.
SELECT count(*) = 1 AS tracing_exporter_guc_exists
FROM pg_settings WHERE name = 'pg_ripple.tracing_exporter';
 tracing_exporter_guc_exists 
-----------------------------
 t
(1 row)

-- ── 2. Toggle tracing_enabled ─────────────────────────────────────────────────
SET pg_ripple.tracing_enabled = on;
SHOW pg_ripple.tracing_enabled;
 pg_ripple.tracing_enabled 
---------------------------
 on
(1 row)

SET pg_ripple.tracing_enabled = off;
SHOW pg_ripple.tracing_enabled;
 pg_ripple.tracing_enabled 
---------------------------
 off
(1 row)

-- ── 3. Set tracing_exporter ───────────────────────────────────────────────────
SET pg_ripple.tracing_exporter = 'stdout';
SELECT current_setting('pg_ripple.tracing_exporter') = 'stdout' AS tracing_exporter_set;
 tracing_exporter_set 
----------------------
 t
(1 row)

-- ── 4. SPARQL query executes with tracing on (zero-overhead check) ────────────
SET pg_ripple.tracing_enabled = on;
SELECT pg_ripple.triple_count() >= 0 AS query_with_tracing_ok;
 query_with_tracing_ok 
-----------------------
 t
(1 row)

SET pg_ripple.tracing_enabled = off;
SELECT pg_ripple.triple_count() >= 0 AS query_with_tracing_off;
 query_with_tracing_off 
------------------------
 t
(1 row)

-- ── 5. datalog_max_derived GUC exists ─────────────────────────────────────────
SHOW pg_ripple.datalog_max_derived;
 pg_ripple.datalog_max_derived 
-------------------------------
 0
(1 row)

SET pg_ripple.datalog_max_derived = 1000000;
SHOW pg_ripple.datalog_max_derived;
 pg_ripple.datalog_max_derived 
-------------------------------
 1000000
(1 row)

SET pg_ripple.datalog_max_derived = 0;
SHOW pg_ripple.datalog_max_derived;
 pg_ripple.datalog_max_derived 
-------------------------------
 0
(1 row)

