-- pg_regress test: pg-trickle graceful degradation (v0.52.0)
--
-- Tests that:
-- 1. trickle_available() returns false when pg-trickle is absent.
-- 2. enable_cdc_bridge_trigger() raises an error when trickle_integration is off.
-- 3. disable_cdc_bridge_trigger() is a no-op when pg-trickle is absent.
-- 4. cdc_bridge_triggers() returns empty when no triggers registered.
-- 5. All non-bridge v0.52.0 functions work without pg-trickle.
SET client_min_messages = warning;
CREATE EXTENSION IF NOT EXISTS pg_ripple;
SET client_min_messages = DEFAULT;
SET search_path TO pg_ripple, public;
-- ── Part 1: trickle_available() ───────────────────────────────────────────────
-- In a standard CI environment without pg-trickle, this returns false.
-- In an environment with pg-trickle, this returns true.
-- Accept either value (the boolean type itself is what we verify).
SELECT pg_ripple.trickle_available() IN (true, false) AS trickle_available_is_bool;
WARNING:  pg_ripple: loaded without shared_preload_libraries; HTAP merge worker, CONSTRUCT writeback, and dictionary cache are disabled. Add pg_ripple to shared_preload_libraries in postgresql.conf.
 trickle_available_is_bool 
---------------------------
 t
(1 row)

-- ── Part 2: Error when trickle_integration is off ────────────────────────────
-- enable_cdc_bridge_trigger raises an error when trickle_integration = off.
-- We test the off case since pg-trickle may or may not be available in CI.
SET pg_ripple.trickle_integration = off;
DO $$
DECLARE raised BOOLEAN := false;
BEGIN
    BEGIN
        PERFORM pg_ripple.enable_cdc_bridge_trigger(
            'test_trigger', '<https://example.org/p>', 'enriched_events');
    EXCEPTION
        WHEN OTHERS THEN raised := true;
    END;
    IF NOT raised THEN
        RAISE EXCEPTION 'error was not raised when trickle_integration = off';
    END IF;
END;
$$;
SELECT TRUE AS error_raised_when_integration_off;
 error_raised_when_integration_off 
-----------------------------------
 t
(1 row)

-- Disable triggers also gracefully handles missing triggers
DO $$
BEGIN
    PERFORM pg_ripple.disable_cdc_bridge_trigger('nonexistent');
END;
$$;
SELECT TRUE AS disable_nonexistent_safe;
 disable_nonexistent_safe 
--------------------------
 t
(1 row)

RESET pg_ripple.trickle_integration;
-- ── Part 3: cdc_bridge_triggers() catalog SRF ────────────────────────────────
-- With no triggers registered, returns empty result set.
SELECT count(*) AS no_triggers FROM pg_ripple.cdc_bridge_triggers();
 no_triggers 
-------------
           0
(1 row)

-- ── Part 4: Non-bridge v0.52.0 features ──────────────────────────────────────
-- json_to_ntriples: basic conversion
SELECT pg_ripple.json_to_ntriples(
    '{"name": "Alice", "age": 30}'::jsonb,
    'https://example.org/alice',
    'https://schema.org/Person'
) LIKE '%<https://example.org/alice>%' AS json_to_ntriples_has_subject;
 json_to_ntriples_has_subject 
------------------------------
 t
(1 row)

-- json_to_ntriples with context mapping
SELECT pg_ripple.json_to_ntriples(
    '{"name": "Test"}'::jsonb,
    'https://example.org/x',
    NULL,
    '{"@vocab": "https://schema.org/"}'::jsonb
) LIKE '%schema.org/name%' AS json_to_ntriples_context_applied;
 json_to_ntriples_context_applied 
----------------------------------
 t
(1 row)

-- json_to_ntriples_and_load: load triples from JSON
SELECT pg_ripple.json_to_ntriples_and_load(
    '{"label": "widget"}'::jsonb,
    'https://example.org/widget42'
) >= 0 AS json_load_returns_count;
 json_load_returns_count 
-------------------------
 t
(1 row)

-- triple_to_jsonld: works with valid dictionary IDs
-- Encode a subject, predicate, and object first.
SELECT pg_ripple.insert_triple(
    '<https://example.org/jsonld_s>',
    '<https://example.org/jsonld_p>',
    '"hello"'
) IS NOT NULL AS jsonld_triple_inserted;
 jsonld_triple_inserted 
------------------------
 t
(1 row)

SELECT (pg_ripple.triple_to_jsonld(
    pg_ripple.encode_term('https://example.org/jsonld_s', 0::smallint),
    pg_ripple.encode_term('https://example.org/jsonld_p', 0::smallint),
    pg_ripple.encode_term('hello', 2::smallint)
) ->> '@id') = 'https://example.org/jsonld_s' AS triple_jsonld_correct_id;
 triple_jsonld_correct_id 
--------------------------
 t
(1 row)

-- triples_to_jsonld: star-pattern collection
SELECT (pg_ripple.triples_to_jsonld(
    pg_ripple.encode_term('https://example.org/jsonld_s', 0::smallint)
) ->> '@id') = 'https://example.org/jsonld_s' AS star_jsonld_correct_id;
 star_jsonld_correct_id 
------------------------
 t
(1 row)

-- statement_dedup_key: returns text or null
SELECT pg_ripple.statement_dedup_key(
    pg_ripple.encode_term('https://example.org/jsonld_s', 0::smallint),
    pg_ripple.encode_term('https://example.org/jsonld_p', 0::smallint),
    pg_ripple.encode_term('hello', 2::smallint)
) LIKE 'ripple:%' AS dedup_key_has_prefix;
 dedup_key_has_prefix 
----------------------
 t
(1 row)

SELECT pg_ripple.statement_dedup_key(
    pg_ripple.encode_term('https://example.org/no_s', 0::smallint),
    pg_ripple.encode_term('https://example.org/no_p', 0::smallint),
    pg_ripple.encode_term('no_o', 2::smallint)
) IS NULL AS nonexistent_dedup_key_is_null;
 nonexistent_dedup_key_is_null 
-------------------------------
 t
(1 row)

-- ── Part 5: Vocabulary template loading ──────────────────────────────────────
-- Each template should load without error and return > 0 rules.
SELECT pg_ripple.load_vocab_template('schema_to_saref') > 0 AS saref_loaded;
 saref_loaded 
--------------
 t
(1 row)

SELECT pg_ripple.load_vocab_template('schema_to_fhir') > 0 AS fhir_loaded;
 fhir_loaded 
-------------
 t
(1 row)

SELECT pg_ripple.load_vocab_template('schema_to_provo') > 0 AS provo_loaded;
 provo_loaded 
--------------
 t
(1 row)

SELECT pg_ripple.load_vocab_template('generic_to_schema') > 0 AS generic_loaded;
 generic_loaded 
----------------
 t
(1 row)

-- Unknown template raises an error.
DO $$
BEGIN
    BEGIN
        PERFORM pg_ripple.load_vocab_template('no_such_template');
        RAISE EXCEPTION 'expected error was not raised';
    EXCEPTION WHEN OTHERS THEN NULL;
    END;
END;
$$;
SELECT TRUE AS unknown_template_raises_error;
 unknown_template_raises_error 
-------------------------------
 t
(1 row)

-- ── Part 6: Schema catalog checks ────────────────────────────────────────────
SELECT EXISTS (
    SELECT 1 FROM pg_class c
    JOIN pg_namespace n ON n.oid = c.relnamespace
    WHERE n.nspname = '_pg_ripple' AND c.relname = 'cdc_bridge_triggers'
) AS cdc_bridge_triggers_table_exists;
 cdc_bridge_triggers_table_exists 
----------------------------------
 t
(1 row)

-- trickle_available function exists in pg_ripple schema
SELECT COUNT(*) = 1 AS trickle_available_fn_exists
FROM pg_proc p
JOIN pg_namespace n ON n.oid = p.pronamespace
WHERE n.nspname = 'pg_ripple' AND p.proname = 'trickle_available';
 trickle_available_fn_exists 
-----------------------------
 t
(1 row)

