-- pg_regress test: pg-trickle integration (v0.52.0)
--
-- Tests the full JSON → RDF → CDC → outbox pipeline.
-- When pg-trickle is not available, tests the JSON/CDC features using a
-- local mock outbox table that mimics the outbox schema.
--
-- Tests:
-- 1. JSON → N-Triples pipeline
-- 2. CDC bridge trigger writes to an outbox table
-- 3. statement_dedup_key uniqueness
-- 4. triples_to_jsonld star-pattern serialization
-- 5. Vocabulary alignment rules
SET client_min_messages = warning;
CREATE EXTENSION IF NOT EXISTS pg_ripple;
SET client_min_messages = DEFAULT;
SET search_path TO pg_ripple, public;
-- ── Mock outbox table (mimics pg-trickle outbox schema) ───────────────────────
CREATE TABLE IF NOT EXISTS mock_outbox (
    event_id TEXT PRIMARY KEY,
    payload  JSONB NOT NULL,
    created_at TIMESTAMPTZ DEFAULT now()
);
-- ── Part 1: JSON → N-Triples → store pipeline ────────────────────────────────
-- Load an order event via json_to_ntriples_and_load
SELECT pg_ripple.json_to_ntriples_and_load(
    '{"customer_name": "Acme Corp", "total": 1250.00, "currency": "USD"}'::jsonb,
    'https://example.org/order/1001',
    'https://schema.org/Order',
    '{"@vocab": "https://example.org/vocab/"}'::jsonb
) >= 0 AS order_loaded;
WARNING:  pg_ripple: loaded without shared_preload_libraries; HTAP merge worker, CONSTRUCT writeback, and dictionary cache are disabled. Add pg_ripple to shared_preload_libraries in postgresql.conf.
 order_loaded 
--------------
 t
(1 row)

-- Verify the rdf:type triple was stored
SELECT pg_ripple.triple_count() > 0 AS triples_exist_after_load;
 triples_exist_after_load 
--------------------------
 t
(1 row)

-- ── Part 2: json_to_ntriples output format ────────────────────────────────────
-- Nested objects become blank nodes
SELECT pg_ripple.json_to_ntriples(
    '{"address": {"city": "Oslo", "country": "NO"}}'::jsonb,
    'https://example.org/company/99',
    NULL,
    '{"@vocab": "https://schema.org/"}'::jsonb
) LIKE '%_:b%' AS nested_object_becomes_blank_node;
 nested_object_becomes_blank_node 
----------------------------------
 t
(1 row)

-- Arrays produce multiple triples
SELECT pg_ripple.json_to_ntriples(
    '{"tag": ["rdf", "sparql", "postgres"]}'::jsonb,
    'https://example.org/article/7',
    NULL,
    '{"@vocab": "https://schema.org/"}'::jsonb
) LIKE '%"rdf"%' AS array_produces_multiple_triples;
 array_produces_multiple_triples 
---------------------------------
 t
(1 row)

-- ── Part 3: CDC bridge trigger → mock outbox ─────────────────────────────────
-- Load a predicate so it has a VP table
SELECT pg_ripple.json_to_ntriples_and_load(
    '{"alertLevel": "high"}'::jsonb,
    'https://example.org/event/2001',
    NULL,
    '{"alertLevel": "https://example.org/alertLevel"}'::jsonb
) >= 0 AS alert_loaded;
 alert_loaded 
--------------
 t
(1 row)

-- Install bridge trigger (requires trickle_integration = on; skip if unavailable)
DO $$
BEGIN
    IF NOT pg_ripple.trickle_available() THEN
        -- With trickle_integration off, test graceful degradation path
        SET pg_ripple.trickle_integration = off;
        BEGIN
            PERFORM pg_ripple.enable_cdc_bridge_trigger(
                'alert_bridge',
                '<https://example.org/alertLevel>',
                'mock_outbox'
            );
        EXCEPTION
            WHEN OTHERS THEN
                NULL; -- error correctly raised when trickle_integration off
        END;
        RESET pg_ripple.trickle_integration;
    ELSE
        -- pg-trickle is available: install trigger and test outbox delivery
        PERFORM pg_ripple.enable_cdc_bridge_trigger(
            'alert_bridge',
            '<https://example.org/alertLevel>',
            'mock_outbox'
        );

        -- Insert via json_to_ntriples_and_load — should fire the trigger
        PERFORM pg_ripple.json_to_ntriples_and_load(
            '{"alertLevel": "critical"}'::jsonb,
            'https://example.org/event/2002',
            NULL,
            '{"alertLevel": "https://example.org/alertLevel"}'::jsonb
        );

        -- Verify dedup key in outbox
        PERFORM count(*) FROM mock_outbox WHERE event_id LIKE 'ripple:%';

        -- Clean up
        PERFORM pg_ripple.disable_cdc_bridge_trigger('alert_bridge');
    END IF;
END;
$$;
-- ── Part 4: statement_dedup_key ───────────────────────────────────────────────
-- Insert a known triple and check its dedup key
SELECT pg_ripple.insert_triple(
    '<https://example.org/dedup_s>',
    '<https://example.org/dedup_p>',
    '"dedup_value"'
) IS NOT NULL AS dedup_triple_inserted;
 dedup_triple_inserted 
-----------------------
 t
(1 row)

SELECT pg_ripple.statement_dedup_key(
    pg_ripple.encode_term('https://example.org/dedup_s', 0::smallint),
    pg_ripple.encode_term('https://example.org/dedup_p', 0::smallint),
    pg_ripple.encode_term('dedup_value', 2::smallint)
) LIKE 'ripple:%' AS dedup_key_has_prefix;
 dedup_key_has_prefix 
----------------------
 t
(1 row)

-- Non-existent triple returns NULL
SELECT pg_ripple.statement_dedup_key(
    pg_ripple.encode_term('https://example.org/no_such_s', 0::smallint),
    pg_ripple.encode_term('https://example.org/no_such_p', 0::smallint),
    pg_ripple.encode_term('no_such_o', 2::smallint)
) IS NULL AS nonexistent_triple_returns_null;
 nonexistent_triple_returns_null 
---------------------------------
 t
(1 row)

-- ── Part 5: triples_to_jsonld star-pattern ────────────────────────────────────
-- Insert multiple triples for one subject
SELECT pg_ripple.insert_triple(
    '<https://example.org/multi_s>',
    '<https://example.org/prop1>',
    '"v1"'
) IS NOT NULL AS prop1_inserted;
 prop1_inserted 
----------------
 t
(1 row)

SELECT pg_ripple.insert_triple(
    '<https://example.org/multi_s>',
    '<https://example.org/prop2>',
    '"v2"'
) IS NOT NULL AS prop2_inserted;
 prop2_inserted 
----------------
 t
(1 row)

-- triples_to_jsonld groups all predicates for the subject
SELECT (pg_ripple.triples_to_jsonld(
    pg_ripple.encode_term('https://example.org/multi_s', 0::smallint)
) ->> '@id') = 'https://example.org/multi_s' AS star_jsonld_has_correct_id;
 star_jsonld_has_correct_id 
----------------------------
 t
(1 row)

-- ── Part 6: triple_to_jsonld single triple ────────────────────────────────────
SELECT (pg_ripple.triple_to_jsonld(
    pg_ripple.encode_term('https://example.org/dedup_s', 0::smallint),
    pg_ripple.encode_term('https://example.org/dedup_p', 0::smallint),
    pg_ripple.encode_term('dedup_value', 2::smallint)
) ->> '@id') = 'https://example.org/dedup_s' AS triple_jsonld_has_id;
 triple_jsonld_has_id 
----------------------
 t
(1 row)

-- ── Part 7: Vocabulary alignment — schema_to_saref ───────────────────────────
-- Load alignment rules
SELECT pg_ripple.load_vocab_template('schema_to_saref') > 0 AS saref_rules_loaded;
 saref_rules_loaded 
--------------------
 t
(1 row)

-- Insert a schema.org triple
SELECT pg_ripple.insert_triple(
    '<https://example.org/sensor/001>',
    '<https://schema.org/name>',
    '"Temperature Sensor"'
) IS NOT NULL AS sensor_name_inserted;
 sensor_name_inserted 
----------------------
 t
(1 row)

-- Run inference
SELECT pg_ripple.infer('schema_to_saref') >= 0 AS inference_ran;
 inference_ran 
---------------
 t
(1 row)

-- ── Cleanup ───────────────────────────────────────────────────────────────────
DROP TABLE IF EXISTS mock_outbox;
