-- pg_regress test: triple CRUD with vp_rare routing and named graphs
-- Clean up any example.org data from previous runs to ensure idempotent counts.
DO $$
BEGIN
    DELETE FROM _pg_ripple.vp_rare
    WHERE p IN (
        SELECT id FROM _pg_ripple.dictionary
        WHERE value IN ('https://example.org/knows', 'https://example.org/name')
    );
END $$;
-- Insert into default graph (threshold 1000 not crossed → goes to vp_rare)
SELECT pg_ripple.insert_triple(
    '<https://example.org/alice>',
    '<https://example.org/knows>',
    '<https://example.org/bob>'
) > 0 AS insert_returns_sid;
WARNING:  pg_ripple: loaded without shared_preload_libraries; HTAP merge worker, CONSTRUCT writeback, and dictionary cache are disabled. Add pg_ripple to shared_preload_libraries in postgresql.conf.
 insert_returns_sid 
--------------------
 t
(1 row)

-- Count should be at least 1 (may include triples from earlier tests)
SELECT pg_ripple.triple_count() >= 1 AS count_positive;
 count_positive 
----------------
 t
(1 row)

-- Find by subject (queries vp_rare)
SELECT count(*) >= 1 AS found_by_subject
FROM pg_ripple.find_triples('<https://example.org/alice>', NULL, NULL);
 found_by_subject 
------------------
 t
(1 row)

-- Find by predicate
SELECT count(*) >= 1 AS found_by_predicate
FROM pg_ripple.find_triples(NULL, '<https://example.org/knows>', NULL);
 found_by_predicate 
--------------------
 t
(1 row)

-- Find by object
SELECT count(*) >= 1 AS found_by_object
FROM pg_ripple.find_triples(NULL, NULL, '<https://example.org/bob>');
 found_by_object 
-----------------
 t
(1 row)

-- Full pattern match
SELECT count(*) >= 1 AS found_exact
FROM pg_ripple.find_triples(
    '<https://example.org/alice>',
    '<https://example.org/knows>',
    '<https://example.org/bob>'
);
 found_exact 
-------------
 t
(1 row)

-- Insert a triple with a plain literal object
SELECT pg_ripple.insert_triple(
    '<https://example.org/alice>',
    '<https://example.org/name>',
    '"Alice"'
) > 0 AS literal_insert_returns_sid;
 literal_insert_returns_sid 
----------------------------
 t
(1 row)

-- Verify the literal can be found
SELECT count(*) = 1 AS found_literal
FROM pg_ripple.find_triples('<https://example.org/alice>', '<https://example.org/name>', NULL);
 found_literal 
---------------
 t
(1 row)

-- Delete the triple
SELECT pg_ripple.delete_triple(
    '<https://example.org/alice>',
    '<https://example.org/knows>',
    '<https://example.org/bob>'
) >= 1 AS deleted_at_least_one;
 deleted_at_least_one 
----------------------
 t
(1 row)

-- Verify it is gone
SELECT count(*) = 0 AS gone_after_delete
FROM pg_ripple.find_triples(
    '<https://example.org/alice>',
    '<https://example.org/knows>',
    '<https://example.org/bob>'
);
 gone_after_delete 
-------------------
 t
(1 row)

-- Prefix management
SELECT pg_ripple.register_prefix('ex', 'https://example.org/');
 register_prefix 
-----------------
 
(1 row)

SELECT count(*) >= 1 AS prefix_registered
FROM pg_ripple.prefixes()
WHERE prefix = 'ex';
 prefix_registered 
-------------------
 t
(1 row)

