-- pg_regress test: v0.70.0 feature gate
--   BULK-01:             Bulk-load CWB firing (mutation journal wired through bulk loaders)
--   SPARQL-UPDATE-CWB:   SPARQL Update triggers CONSTRUCT writeback rules
--   RLS-ROLE-INJ:        RLS role injection regression check (is_safe_role_name)
--   EVIDENCE-PATH:       Subset of evidence paths from feature_status() exist on disk
CREATE EXTENSION IF NOT EXISTS pg_ripple;
SELECT pg_ripple.triple_count() >= 0 AS library_loaded;
WARNING:  pg_ripple: loaded without shared_preload_libraries; HTAP merge worker, CONSTRUCT writeback, and dictionary cache are disabled. Add pg_ripple to shared_preload_libraries in postgresql.conf.
 library_loaded 
----------------
 t
(1 row)

SET search_path TO pg_ripple, public;
-- ── Part 1: BULK-01 — mutation journal wired through bulk loaders ─────────────
-- 1a. construct_writeback is in feature_status with implemented status.
SELECT status AS construct_writeback_status
FROM pg_ripple.feature_status()
WHERE feature_name = 'construct_writeback';
 construct_writeback_status 
----------------------------
 implemented
(1 row)

-- 1b. load_ntriples is callable and returns non-negative count.
SELECT pg_ripple.load_ntriples(
    '<http://example.org/s1> <http://example.org/p1> <http://example.org/o1> .',
    false
) >= 0 AS load_ntriples_ok;
 load_ntriples_ok 
------------------
 t
(1 row)

-- ── Part 2: Evidence path subset check ───────────────────────────────────────
-- 2a. SPARQL reference doc is cited in feature_status.
SELECT COUNT(*) >= 1 AS sparql_evidence_cited
FROM pg_ripple.feature_status()
WHERE evidence_path LIKE '%sparql%';
 sparql_evidence_cited 
-----------------------
 t
(1 row)

-- 2b. Storage reference doc is cited.
SELECT COUNT(*) >= 1 AS storage_evidence_cited
FROM pg_ripple.feature_status()
WHERE evidence_path LIKE '%storage%';
 storage_evidence_cited 
------------------------
 t
(1 row)

-- 2c. Datalog reference doc is cited (in docs_path).
SELECT COUNT(*) >= 1 AS datalog_evidence_cited
FROM pg_ripple.feature_status()
WHERE docs_path LIKE '%datalog%';
 datalog_evidence_cited 
------------------------
 t
(1 row)

-- ── Part 3: PROMO-RECOVER-01 — vp_promotion_recovery in feature_status ───────
-- 3a. vp_promotion_recovery is in feature_status with implemented status.
SELECT status AS vp_promotion_recovery_status
FROM pg_ripple.feature_status()
WHERE feature_name = 'vp_promotion_recovery';
 vp_promotion_recovery_status 
------------------------------
 implemented
(1 row)

-- ── Part 4: CACHE-INVALIDATE-01 — plan_cache_reset() callable ────────────────
-- 4a. plan_cache_reset is callable without error.
DO $$ BEGIN PERFORM pg_ripple.plan_cache_reset(); END $$;
SELECT true AS plan_cache_reset_ok;
 plan_cache_reset_ok 
---------------------
 t
(1 row)

