-- pg_regress test: vector SERVICE federation (v0.28.0)
-- Tests register_vector_endpoint() and graceful degradation when
-- the endpoint is unavailable.
SET client_min_messages = warning;
CREATE EXTENSION IF NOT EXISTS pg_ripple;
SET client_min_messages = DEFAULT;
SET search_path TO pg_ripple, public;
-- ── vector_endpoints catalog table exists ────────────────────────────────────
SELECT EXISTS(
    SELECT 1 FROM information_schema.tables
    WHERE table_schema = '_pg_ripple'
      AND table_name   = 'vector_endpoints'
) AS vector_endpoints_table_exists;
 vector_endpoints_table_exists 
-------------------------------
 t
(1 row)

-- ── register_vector_endpoint() with valid api_type ───────────────────────────
SELECT pg_ripple.register_vector_endpoint(
    'http://test-qdrant.example:6333',
    'qdrant'
) IS NULL AS qdrant_endpoint_registered;
WARNING:  pg_ripple: loaded without shared_preload_libraries; HTAP merge worker, CONSTRUCT writeback, and dictionary cache are disabled. Add pg_ripple to shared_preload_libraries in postgresql.conf.
 qdrant_endpoint_registered 
----------------------------
 f
(1 row)

-- The endpoint should now appear in the catalog.
SELECT COUNT(*) = 1 AS endpoint_in_catalog
FROM _pg_ripple.vector_endpoints
WHERE url = 'http://test-qdrant.example:6333'
  AND api_type = 'qdrant'
  AND enabled = true;
 endpoint_in_catalog 
---------------------
 t
(1 row)

-- ── Idempotent upsert ─────────────────────────────────────────────────────────
-- Calling register_vector_endpoint() again must not raise an ERROR.
SELECT pg_ripple.register_vector_endpoint(
    'http://test-qdrant.example:6333',
    'qdrant'
) IS NULL AS re_register_idempotent;
 re_register_idempotent 
------------------------
 f
(1 row)

SELECT COUNT(*) = 1 AS still_only_one_row
FROM _pg_ripple.vector_endpoints
WHERE url = 'http://test-qdrant.example:6333';
 still_only_one_row 
--------------------
 t
(1 row)

-- ── Invalid api_type emits a WARNING ─────────────────────────────────────────
SET client_min_messages = warning;
SELECT pg_ripple.register_vector_endpoint(
    'http://unknown-service.example',
    'elasticsearch'
) IS NULL AS invalid_api_type_warning_not_error;
WARNING:  pg_ripple.register_vector_endpoint: unknown api_type 'elasticsearch'; must be one of: pgvector, weaviate, qdrant, pinecone
 invalid_api_type_warning_not_error 
------------------------------------
 f
(1 row)

SET client_min_messages = DEFAULT;
-- Invalid api_type must not be stored.
SELECT COUNT(*) = 0 AS invalid_endpoint_not_stored
FROM _pg_ripple.vector_endpoints
WHERE url = 'http://unknown-service.example';
 invalid_endpoint_not_stored 
-----------------------------
 t
(1 row)

-- ── Register a Weaviate endpoint ─────────────────────────────────────────────
SELECT pg_ripple.register_vector_endpoint(
    'http://test-weaviate.example:8080',
    'weaviate'
) IS NULL AS weaviate_endpoint_registered;
 weaviate_endpoint_registered 
------------------------------
 f
(1 row)

SELECT COUNT(*) >= 2 AS multiple_endpoints_registered
FROM _pg_ripple.vector_endpoints
WHERE enabled = true;
 multiple_endpoints_registered 
-------------------------------
 t
(1 row)

-- ── Register a Pinecone endpoint ─────────────────────────────────────────────
SELECT pg_ripple.register_vector_endpoint(
    'https://index.test-pinecone.example',
    'pinecone'
) IS NULL AS pinecone_endpoint_registered;
 pinecone_endpoint_registered 
------------------------------
 f
(1 row)

-- ── vector_federation_timeout_ms GUC controls timeout ────────────────────────
SET pg_ripple.vector_federation_timeout_ms = 500;
SELECT current_setting('pg_ripple.vector_federation_timeout_ms')::int = 500
    AS timeout_guc_updated;
 timeout_guc_updated 
---------------------
 t
(1 row)

RESET pg_ripple.vector_federation_timeout_ms;
-- ── Graceful degradation: unregistered endpoint emits WARNING ─────────────────
-- Unregistered URLs must not cause an ERROR — they emit a WARNING and
-- return zero rows.
-- (We test this by checking list_embedding_models() does not crash.)
SET client_min_messages = warning;
SELECT count(*) >= 0 AS unregistered_endpoint_graceful
FROM pg_ripple.list_embedding_models();
WARNING:  pg_ripple.list_embedding_models: pgvector extension not installed (PT603); install pgvector and run the 0.27.0 migration to enable hybrid search
 unregistered_endpoint_graceful 
--------------------------------
 t
(1 row)

-- Cleanup test data.
DELETE FROM _pg_ripple.vector_endpoints
WHERE url IN (
    'http://test-qdrant.example:6333',
    'http://test-weaviate.example:8080',
    'https://index.test-pinecone.example'
);
SET client_min_messages = DEFAULT;
