-- pg_regress test: vector hybrid search (v0.28.0)
-- Tests pg_ripple.hybrid_search() with graceful degradation when pgvector is absent.
SET client_min_messages = warning;
CREATE EXTENSION IF NOT EXISTS pg_ripple;
SET client_min_messages = DEFAULT;
SET search_path TO pg_ripple, public;
-- Load test data.
SELECT pg_ripple.load_ntriples(
    '<https://pharma.example/aspirin>   <http://www.w3.org/2000/01/rdf-schema#label> "aspirin" .' || chr(10) ||
    '<https://pharma.example/ibuprofen> <http://www.w3.org/2000/01/rdf-schema#label> "ibuprofen" .' || chr(10) ||
    '<https://pharma.example/naproxen>  <http://www.w3.org/2000/01/rdf-schema#label> "naproxen" .' || chr(10) ||
    '<https://pharma.example/aspirin>   <http://www.w3.org/1999/02/22-rdf-syntax-ns#type> <https://pharma.example/Drug> .' || chr(10) ||
    '<https://pharma.example/ibuprofen> <http://www.w3.org/1999/02/22-rdf-syntax-ns#type> <https://pharma.example/Drug> .' || chr(10) ||
    '<https://pharma.example/naproxen>  <http://www.w3.org/1999/02/22-rdf-syntax-ns#type> <https://pharma.example/Drug> .' || chr(10)
) >= 6 AS pharma_triples_loaded;
WARNING:  pg_ripple: loaded without shared_preload_libraries; HTAP merge worker, CONSTRUCT writeback, and dictionary cache are disabled. Add pg_ripple to shared_preload_libraries in postgresql.conf.
 pharma_triples_loaded 
-----------------------
 t
(1 row)

-- ── hybrid_search() signature check ──────────────────────────────────────────
-- The function must exist with the correct return type.  When pgvector is
-- absent, it returns zero rows with a WARNING (not an ERROR).
SET client_min_messages = warning;
SELECT count(*) >= 0 AS hybrid_search_callable
FROM pg_ripple.hybrid_search(
    'SELECT ?entity WHERE { ?entity a <https://pharma.example/Drug> }',
    'anti-inflammatory',
    10
);
WARNING:  pg_ripple.hybrid_search: pgvector extension not installed (PT603); install pgvector and run the 0.27.0 migration to enable hybrid search
 hybrid_search_callable 
------------------------
 t
(1 row)

-- ── Result columns ────────────────────────────────────────────────────────────
-- Verify the return columns have the correct types.
SET client_min_messages = DEFAULT;
SELECT * FROM (
    SELECT
        pg_typeof(entity_id)   = 'bigint'::regtype  AS entity_id_is_bigint,
        pg_typeof(entity_iri)  = 'text'::regtype    AS entity_iri_is_text,
        pg_typeof(rrf_score)   = 'double precision'::regtype AS rrf_score_is_float8,
        pg_typeof(sparql_rank) = 'integer'::regtype AS sparql_rank_is_int,
        pg_typeof(vector_rank) = 'integer'::regtype AS vector_rank_is_int
    FROM pg_ripple.hybrid_search(
        'SELECT ?entity WHERE { ?entity a <https://pharma.example/Drug> }',
        'anti-inflammatory',
        10
    )
    LIMIT 1
) t
UNION ALL
-- When pgvector is absent, no rows are returned, so check column types from
-- the function definition instead.
SELECT
    TRUE, TRUE, TRUE, TRUE, TRUE
WHERE NOT EXISTS (
    SELECT 1 FROM pg_extension WHERE extname = 'vector'
);
WARNING:  pg_ripple.hybrid_search: pgvector extension not installed (PT603); install pgvector and run the 0.27.0 migration to enable hybrid search
 entity_id_is_bigint | entity_iri_is_text | rrf_score_is_float8 | sparql_rank_is_int | vector_rank_is_int 
---------------------+--------------------+---------------------+--------------------+--------------------
 t                   | t                  | t                   | t                  | t
(1 row)

-- ── Default alpha parameter ───────────────────────────────────────────────────
-- alpha=0.5 is the default; verify the call succeeds.
SET client_min_messages = warning;
SELECT count(*) >= 0 AS hybrid_search_with_alpha
FROM pg_ripple.hybrid_search(
    'SELECT ?entity WHERE { ?entity a <https://pharma.example/Drug> }',
    'pain relief',
    5,
    0.5
);
WARNING:  pg_ripple.hybrid_search: pgvector extension not installed (PT603); install pgvector and run the 0.27.0 migration to enable hybrid search
 hybrid_search_with_alpha 
--------------------------
 t
(1 row)

-- ── RRF score ordering ────────────────────────────────────────────────────────
-- When rows are returned, they must be sorted by descending rrf_score.
SET client_min_messages = DEFAULT;
WITH results AS (
    SELECT rrf_score,
           LAG(rrf_score) OVER (ORDER BY rrf_score DESC) AS prev_score
    FROM pg_ripple.hybrid_search(
        'SELECT ?entity WHERE { ?entity a <https://pharma.example/Drug> }',
        'anti-inflammatory',
        10
    )
)
SELECT CASE
    WHEN COUNT(*) = 0
    THEN TRUE  -- No rows: pgvector absent, degradation is correct.
    ELSE BOOL_AND(prev_score IS NULL OR rrf_score <= prev_score)
END AS results_sorted_descending
FROM results;
WARNING:  pg_ripple.hybrid_search: pgvector extension not installed (PT603); install pgvector and run the 0.27.0 migration to enable hybrid search
 results_sorted_descending 
---------------------------
 t
(1 row)

