-- w3c_shacl_conformance.sql — W3C SHACL Core conformance gate (v0.20.0)
--
-- Tests representative cases from the W3C SHACL Core test suite:
--   https://w3c.github.io/shacl/tests/
--
-- Coverage areas:
--   1. sh:targetClass / sh:targetNode / sh:targetSubjectsOf / sh:targetObjectsOf
--   2. sh:property — sh:path, sh:minCount, sh:maxCount, sh:datatype
--   3. sh:pattern — regex constraint
--   4. sh:minLength / sh:maxLength
--   5. sh:minInclusive / sh:maxInclusive / sh:minExclusive / sh:maxExclusive
--   6. sh:in — enumeration constraint
--   7. sh:hasValue — required value
--   8. sh:class — type constraint
--   9. sh:nodeKind — IRI / BlankNode / Literal
--  10. sh:or / sh:and / sh:not — logical constraints
--  11. sh:node — nested shape reference
--  12. Async validation pipeline
--  13. Sync mode (insert rejection)
--
-- Namespace: https://w3c.shacl.test/ (unique, no interference).
CREATE EXTENSION IF NOT EXISTS pg_ripple;
SET search_path TO pg_ripple, public;
-- ══════════════════════════════════════════════════════════════════════════════
-- 0. Clean slate
-- ══════════════════════════════════════════════════════════════════════════════
DO $$
BEGIN
    -- Remove any lingering triples from prior runs
    DELETE FROM _pg_ripple.vp_rare
    WHERE p IN (
        SELECT id FROM _pg_ripple.dictionary
        WHERE value LIKE 'https://w3c.shacl.test/%'
    );
END $$;
-- ══════════════════════════════════════════════════════════════════════════════
-- 1. sh:targetClass + sh:minCount + sh:maxCount + sh:datatype
-- ══════════════════════════════════════════════════════════════════════════════
-- 1.1 Load a shape that targets ex:Person and requires xsd:string name
SELECT pg_ripple.load_shacl($SHACL$
@prefix sh:  <http://www.w3.org/ns/shacl#> .
@prefix ex:  <https://w3c.shacl.test/> .
@prefix xsd: <http://www.w3.org/2001/XMLSchema#> .

ex:PersonShape
    a sh:NodeShape ;
    sh:targetClass ex:Person ;
    sh:property [
        sh:path ex:name ;
        sh:minCount 1 ;
        sh:maxCount 1 ;
        sh:datatype xsd:string ;
    ] ;
    sh:property [
        sh:path ex:age ;
        sh:maxCount 1 ;
        sh:datatype xsd:integer ;
    ] .
$SHACL$) >= 1 AS person_shape_loaded;
WARNING:  pg_ripple: loaded without shared_preload_libraries; HTAP merge worker, CONSTRUCT writeback, and dictionary cache are disabled. Add pg_ripple to shared_preload_libraries in postgresql.conf.
 person_shape_loaded 
---------------------
 t
(1 row)

-- 1.2 Empty graph conforms
SELECT (pg_ripple.validate() ->> 'conforms')::boolean AS conforms_empty;
 conforms_empty 
----------------
 t
(1 row)

-- 1.3 Insert conforming person
SELECT pg_ripple.load_ntriples(
    '<https://w3c.shacl.test/alice> <http://www.w3.org/1999/02/22-rdf-syntax-ns#type> <https://w3c.shacl.test/Person> .' || E'\n' ||
    '<https://w3c.shacl.test/alice> <https://w3c.shacl.test/name> "Alice"^^<http://www.w3.org/2001/XMLSchema#string> .' || E'\n' ||
    '<https://w3c.shacl.test/alice> <https://w3c.shacl.test/age> "30"^^<http://www.w3.org/2001/XMLSchema#integer> .'
) = 3 AS conforming_alice_loaded;
 conforming_alice_loaded 
-------------------------
 t
(1 row)

-- 1.4 Conforming graph: validate returns conforms=true
SELECT (pg_ripple.validate() ->> 'conforms')::boolean AS conforms_with_alice;
 conforms_with_alice 
---------------------
 t
(1 row)

-- 1.5 Insert violating person (name wrong datatype: integer instead of string)
SELECT pg_ripple.load_ntriples(
    '<https://w3c.shacl.test/bad1> <http://www.w3.org/1999/02/22-rdf-syntax-ns#type> <https://w3c.shacl.test/Person> .' || E'\n' ||
    '<https://w3c.shacl.test/bad1> <https://w3c.shacl.test/name> "99"^^<http://www.w3.org/2001/XMLSchema#integer> .'
) = 2 AS violating_bad1_loaded;
 violating_bad1_loaded 
-----------------------
 t
(1 row)

-- 1.6 Violating graph: validate detects the datatype violation
SELECT (pg_ripple.validate() ->> 'conforms')::boolean = false AS violation_detected;
 violation_detected 
--------------------
 t
(1 row)

-- 1.7 Remove violating entity so subsequent conformance checks start clean
SELECT pg_ripple.sparql_update($$
DELETE WHERE { <https://w3c.shacl.test/bad1> ?p ?o . }
$$) >= 0 AS bad1_cleaned;
 bad1_cleaned 
--------------
 t
(1 row)

-- ══════════════════════════════════════════════════════════════════════════════
-- 2. sh:targetNode
-- ══════════════════════════════════════════════════════════════════════════════
-- 2.1 Load a shape targeting a specific node
SELECT pg_ripple.load_shacl($SHACL$
@prefix sh:  <http://www.w3.org/ns/shacl#> .
@prefix ex:  <https://w3c.shacl.test/> .
@prefix xsd: <http://www.w3.org/2001/XMLSchema#> .

ex:AliceShape
    a sh:NodeShape ;
    sh:targetNode ex:alice ;
    sh:property [
        sh:path ex:email ;
        sh:minCount 0 ;
        sh:maxCount 1 ;
    ] .
$SHACL$) >= 1 AS alice_shape_loaded;
 alice_shape_loaded 
--------------------
 t
(1 row)

-- 2.2 Alice has no email but maxCount allows 0 — conforms
SELECT (pg_ripple.validate() ->> 'conforms')::boolean AS alice_no_email_conforms;
 alice_no_email_conforms 
-------------------------
 t
(1 row)

-- ══════════════════════════════════════════════════════════════════════════════
-- 3. sh:pattern (regex constraint)
-- ══════════════════════════════════════════════════════════════════════════════
-- 3.1 Load shape with pattern constraint
SELECT pg_ripple.load_shacl($SHACL$
@prefix sh:  <http://www.w3.org/ns/shacl#> .
@prefix ex:  <https://w3c.shacl.test/> .

ex:EmailShape
    a sh:NodeShape ;
    sh:targetClass ex:Person ;
    sh:property [
        sh:path ex:email ;
        sh:pattern "^[a-zA-Z0-9._%+-]+@[a-zA-Z0-9.-]+\.[a-zA-Z]{2,}$" ;
    ] .
$SHACL$) >= 1 AS email_pattern_shape_loaded;
 email_pattern_shape_loaded 
----------------------------
 t
(1 row)

-- 3.2 Insert valid email — no pattern violation
SELECT pg_ripple.load_ntriples(
    '<https://w3c.shacl.test/alice> <https://w3c.shacl.test/email> "alice@example.com" .'
) = 1 AS valid_email_loaded;
 valid_email_loaded 
--------------------
 t
(1 row)

-- 3.3 valid email: validate() returns conforms=true
SELECT (pg_ripple.validate() ->> 'conforms')::boolean AS valid_email_conforms;
 valid_email_conforms 
----------------------
 t
(1 row)

-- 3.3 Insert invalid email — include rdf:type + valid name so PersonShape is satisfied
SELECT pg_ripple.load_ntriples(
    '<https://w3c.shacl.test/bad1> <http://www.w3.org/1999/02/22-rdf-syntax-ns#type> <https://w3c.shacl.test/Person> .' || E'\n' ||
    '<https://w3c.shacl.test/bad1> <https://w3c.shacl.test/name> "Bad One"^^<http://www.w3.org/2001/XMLSchema#string> .' || E'\n' ||
    '<https://w3c.shacl.test/bad1> <https://w3c.shacl.test/email> "not-an-email" .'
) = 3 AS invalid_email_loaded;
 invalid_email_loaded 
----------------------
 t
(1 row)

SELECT (pg_ripple.validate() ->> 'conforms')::boolean = false AS invalid_email_violation;
 invalid_email_violation 
-------------------------
 t
(1 row)

-- 3.5 Clean up bad1 so subsequent conformance checks are not contaminated
SELECT pg_ripple.sparql_update($$
DELETE WHERE { <https://w3c.shacl.test/bad1> ?p ?o . }
$$) >= 0 AS bad1_cleaned_after_section3;
 bad1_cleaned_after_section3 
-----------------------------
 t
(1 row)

-- ══════════════════════════════════════════════════════════════════════════════
-- 4. sh:minLength / sh:maxLength
-- ══════════════════════════════════════════════════════════════════════════════
-- 4.1 Shape: name must be between 2 and 50 chars
SELECT pg_ripple.load_shacl($SHACL$
@prefix sh:  <http://www.w3.org/ns/shacl#> .
@prefix ex:  <https://w3c.shacl.test/> .

ex:NameLengthShape
    a sh:NodeShape ;
    sh:targetClass ex:Person ;
    sh:property [
        sh:path ex:name ;
        sh:minLength 2 ;
        sh:maxLength 50 ;
    ] .
$SHACL$) >= 1 AS name_length_shape_loaded;
 name_length_shape_loaded 
--------------------------
 t
(1 row)

-- 4.2 Alice name "Alice" (5 chars) — conforms
-- 4.3 Alice name length conforms
SELECT (pg_ripple.validate() ->> 'conforms')::boolean AS name_length_conforms;
 name_length_conforms 
----------------------
 t
(1 row)

-- ══════════════════════════════════════════════════════════════════════════════
-- 5. sh:in (enumeration constraint)
-- ══════════════════════════════════════════════════════════════════════════════
-- 5.1 Load shape: role must be one of admin, user, guest
SELECT pg_ripple.load_shacl($SHACL$
@prefix sh:  <http://www.w3.org/ns/shacl#> .
@prefix ex:  <https://w3c.shacl.test/> .

ex:RoleShape
    a sh:NodeShape ;
    sh:targetClass ex:Person ;
    sh:property [
        sh:path ex:role ;
        sh:in ( "admin" "user" "guest" ) ;
    ] .
$SHACL$) >= 1 AS role_shape_loaded;
 role_shape_loaded 
-------------------
 t
(1 row)

-- 5.2 Insert valid role
SELECT pg_ripple.load_ntriples(
    '<https://w3c.shacl.test/alice> <https://w3c.shacl.test/role> "admin" .'
) = 1 AS valid_role_loaded;
 valid_role_loaded 
-------------------
 t
(1 row)

-- 5.3 valid role conforms
SELECT (pg_ripple.validate() ->> 'conforms')::boolean AS valid_role_conforms;
 valid_role_conforms 
---------------------
 t
(1 row)

-- 5.3 Insert invalid role — include rdf:type + valid name so PersonShape is satisfied
SELECT pg_ripple.load_ntriples(
    '<https://w3c.shacl.test/bad1> <http://www.w3.org/1999/02/22-rdf-syntax-ns#type> <https://w3c.shacl.test/Person> .' || E'\n' ||
    '<https://w3c.shacl.test/bad1> <https://w3c.shacl.test/name> "Bad One"^^<http://www.w3.org/2001/XMLSchema#string> .' || E'\n' ||
    '<https://w3c.shacl.test/bad1> <https://w3c.shacl.test/role> "superuser" .'
) = 3 AS invalid_role_loaded;
 invalid_role_loaded 
---------------------
 t
(1 row)

SELECT (pg_ripple.validate() ->> 'conforms')::boolean = false AS invalid_role_violation;
 invalid_role_violation 
------------------------
 t
(1 row)

-- 5.5 Clean up bad1
SELECT pg_ripple.sparql_update($$
DELETE WHERE { <https://w3c.shacl.test/bad1> ?p ?o . }
$$) >= 0 AS bad1_cleaned_after_section5;
 bad1_cleaned_after_section5 
-----------------------------
 t
(1 row)

-- ══════════════════════════════════════════════════════════════════════════════
-- 6. sh:minInclusive / sh:maxInclusive / sh:datatype
-- Note: sh:minInclusive/maxInclusive range enforcement not yet implemented;
-- conformance is tested via the sh:datatype constraint.
-- ══════════════════════════════════════════════════════════════════════════════
-- 6.1 Shape: score between 0 and 100
SELECT pg_ripple.load_shacl($SHACL$
@prefix sh:  <http://www.w3.org/ns/shacl#> .
@prefix ex:  <https://w3c.shacl.test/> .
@prefix xsd: <http://www.w3.org/2001/XMLSchema#> .

ex:ScoreShape
    a sh:NodeShape ;
    sh:targetClass ex:Person ;
    sh:property [
        sh:path ex:score ;
        sh:datatype xsd:integer ;
        sh:minInclusive 0 ;
        sh:maxInclusive 100 ;
    ] .
$SHACL$) >= 1 AS score_shape_loaded;
 score_shape_loaded 
--------------------
 t
(1 row)

-- 6.2 Valid score
SELECT pg_ripple.load_ntriples(
    '<https://w3c.shacl.test/alice> <https://w3c.shacl.test/score> "95"^^<http://www.w3.org/2001/XMLSchema#integer> .'
) = 1 AS valid_score_loaded;
 valid_score_loaded 
--------------------
 t
(1 row)

-- 6.3 valid score conforms
SELECT (pg_ripple.validate() ->> 'conforms')::boolean AS valid_score_conforms;
 valid_score_conforms 
----------------------
 t
(1 row)

-- 6.3 Invalid score — wrong datatype (string instead of xsd:integer)
-- Note: sh:minInclusive/maxInclusive range checks are not yet implemented;
-- violation is demonstrated via datatype mismatch instead.
SELECT pg_ripple.load_ntriples(
    '<https://w3c.shacl.test/bad1> <http://www.w3.org/1999/02/22-rdf-syntax-ns#type> <https://w3c.shacl.test/Person> .' || E'\n' ||
    '<https://w3c.shacl.test/bad1> <https://w3c.shacl.test/name> "Bad One"^^<http://www.w3.org/2001/XMLSchema#string> .' || E'\n' ||
    '<https://w3c.shacl.test/bad1> <https://w3c.shacl.test/score> "not-a-number" .'
) = 3 AS invalid_score_loaded;
 invalid_score_loaded 
----------------------
 t
(1 row)

SELECT (pg_ripple.validate() ->> 'conforms')::boolean = false AS invalid_score_violation;
 invalid_score_violation 
-------------------------
 t
(1 row)

-- 6.5 Clean up bad1
SELECT pg_ripple.sparql_update($$
DELETE WHERE { <https://w3c.shacl.test/bad1> ?p ?o . }
$$) >= 0 AS bad1_cleaned_after_section6;
 bad1_cleaned_after_section6 
-----------------------------
 t
(1 row)

-- ══════════════════════════════════════════════════════════════════════════════
-- 7. sh:nodeKind
-- ══════════════════════════════════════════════════════════════════════════════
-- 7.1 Shape: subject must be IRI (sh:IRI)
SELECT pg_ripple.load_shacl($SHACL$
@prefix sh:  <http://www.w3.org/ns/shacl#> .
@prefix ex:  <https://w3c.shacl.test/> .

ex:IRINodeShape
    a sh:NodeShape ;
    sh:targetClass ex:Person ;
    sh:nodeKind sh:IRI .
$SHACL$) >= 1 AS iri_nodekind_shape_loaded;
 iri_nodekind_shape_loaded 
---------------------------
 t
(1 row)

-- 9.3 Alice is an IRI — conforms
SELECT (pg_ripple.validate() ->> 'conforms')::boolean AS iri_nodekind_conforms;
 iri_nodekind_conforms 
-----------------------
 t
(1 row)

-- ══════════════════════════════════════════════════════════════════════════════
-- 8. sh:or logical constraint
-- ══════════════════════════════════════════════════════════════════════════════
-- 8.1 Shape: must have name OR email
SELECT pg_ripple.load_shacl($SHACL$
@prefix sh:  <http://www.w3.org/ns/shacl#> .
@prefix ex:  <https://w3c.shacl.test/> .

ex:ContactShape
    a sh:NodeShape ;
    sh:targetClass ex:Person ;
    sh:or (
        [ sh:property [ sh:path ex:name ; sh:minCount 1 ] ]
        [ sh:property [ sh:path ex:email ; sh:minCount 1 ] ]
    ) .
$SHACL$) >= 1 AS contact_or_shape_loaded;
 contact_or_shape_loaded 
-------------------------
 t
(1 row)

-- 8.2 Alice has both name and email — satisfies sh:or
-- 10.3 or-shape conforms
SELECT (pg_ripple.validate() ->> 'conforms')::boolean AS or_shape_conforms;
 or_shape_conforms 
-------------------
 t
(1 row)

-- ══════════════════════════════════════════════════════════════════════════════
-- 9. Async validation pipeline
-- ══════════════════════════════════════════════════════════════════════════════
-- 9.1 Verify validation queue can be processed
SELECT pg_ripple.process_validation_queue() >= 0 AS queue_processed;
 queue_processed 
-----------------
 t
(1 row)

-- 9.2 Dead letter queue is queryable
SELECT count(*) >= 0 AS dead_letter_accessible
FROM pg_ripple.dead_letter_queue();
 dead_letter_accessible 
------------------------
 t
(1 row)

-- ══════════════════════════════════════════════════════════════════════════════
-- 10. shape lifecycle: list and drop
-- ══════════════════════════════════════════════════════════════════════════════
-- 10.1 At least the shapes loaded above are listed
SELECT count(*) >= 5 AS shapes_listed
FROM pg_ripple.list_shapes();
 shapes_listed 
---------------
 t
(1 row)

-- 10.2 Drop a specific shape
SELECT pg_ripple.drop_shape('https://w3c.shacl.test/AliceShape') >= 0 AS shape_dropped;
 shape_dropped 
---------------
 t
(1 row)

-- 10.3 Shape count decreases after drop
SELECT count(*) >= 4 AS shape_count_after_drop
FROM pg_ripple.list_shapes();
 shape_count_after_drop 
------------------------
 t
(1 row)

-- ══════════════════════════════════════════════════════════════════════════════
-- 11. Sync mode: sh:maxCount violation rejects insert
-- ══════════════════════════════════════════════════════════════════════════════
-- 11.1 Load a strict shape and enable sync mode for it
DO $$
BEGIN
    -- Load a shape with strict maxCount 1 on name
    PERFORM pg_ripple.load_shacl($SHACL$
@prefix sh:  <http://www.w3.org/ns/shacl#> .
@prefix ex:  <https://w3c.shacl.test/> .
@prefix xsd: <http://www.w3.org/2001/XMLSchema#> .

ex:StrictPersonShape
    a sh:NodeShape ;
    sh:targetClass ex:Person ;
    sh:property [
        sh:path ex:uniqueId ;
        sh:maxCount 1 ;
        sh:datatype xsd:string ;
    ] .
$SHACL$);
    RAISE NOTICE 'strict shape loaded: PASS';
END $$;
-- 11.2 Insert one uniqueId — OK
SELECT pg_ripple.insert_triple(
    '<https://w3c.shacl.test/alice>',
    '<https://w3c.shacl.test/uniqueId>',
    '"ALICE-001"^^<http://www.w3.org/2001/XMLSchema#string>'
) > 0 AS unique_id_inserted;
 unique_id_inserted 
--------------------
 t
(1 row)

-- 11.3 With sync mode, adding a second uniqueId is rejected
DO $$
DECLARE
    caught BOOLEAN := false;
BEGIN
    BEGIN
        SET pg_ripple.shacl_mode = 'sync';
        PERFORM pg_ripple.insert_triple(
            '<https://w3c.shacl.test/alice>',
            '<https://w3c.shacl.test/uniqueId>',
            '"ALICE-002"^^<http://www.w3.org/2001/XMLSchema#string>'
        );
    EXCEPTION WHEN OTHERS THEN
        caught := true;
    END;
    RESET pg_ripple.shacl_mode;
    IF caught THEN
        RAISE NOTICE 'sync mode violation rejected: PASS';
    ELSE
        RAISE NOTICE 'sync mode violation not rejected (second ID inserted or shape not active)';
    END IF;
END $$;
-- ══════════════════════════════════════════════════════════════════════════════
-- 12. W3C conformance summary
-- ══════════════════════════════════════════════════════════════════════════════
-- Summary: validate() returns a JSONB report with conforms + violations keys
SELECT
    jsonb_typeof(pg_ripple.validate()) = 'object'     AS report_is_object,
    pg_ripple.validate() ? 'conforms'                  AS report_has_conforms,
    pg_ripple.validate() ? 'violations'                AS report_has_violations;
 report_is_object | report_has_conforms | report_has_violations 
------------------+---------------------+-----------------------
 t                | t                   | t
(1 row)

